

Started GET "/" for ::1 at 2015-11-02 15:29:39 +0700
Processing by Rails::WelcomeController#index as HTML
  Rendered c:/Ruby22-x64/lib/ruby/gems/2.2.0/gems/railties-4.2.4/lib/rails/templates/rails/welcome/index.html.erb (9.0ms)
Completed 200 OK in 131ms (Views: 102.9ms | ActiveRecord: 0.0ms)


Started GET "/" for ::1 at 2015-11-02 15:29:39 +0700
Processing by Rails::WelcomeController#index as HTML
  Rendered c:/Ruby22-x64/lib/ruby/gems/2.2.0/gems/railties-4.2.4/lib/rails/templates/rails/welcome/index.html.erb (0.0ms)
Completed 200 OK in 14ms (Views: 14.4ms | ActiveRecord: 0.0ms)


Started GET "/rails/info/properties" for ::1 at 2015-11-02 15:29:42 +0700
Processing by Rails::InfoController#properties as */*
  Rendered c:/Ruby22-x64/lib/ruby/gems/2.2.0/gems/railties-4.2.4/lib/rails/templates/rails/info/properties.html.erb (0.0ms)
Completed 200 OK in 506ms (Views: 301.6ms | ActiveRecord: 3.0ms)


Started GET "/articles" for ::1 at 2015-11-02 15:29:48 +0700
Processing by ArticlesController#index as HTML
  Rendered articles/index.html.erb within layouts/application (423.1ms)
Completed 200 OK in 3251ms (Views: 3244.4ms | ActiveRecord: 0.0ms)


Started GET "/assets/scaffolds.self-57cf772a581e75f8007de37c1e1b2cee644c62ad03d50f24dd68d7d90f6d068a.css?body=1" for ::1 at 2015-11-02 15:29:51 +0700


Started GET "/articles/new" for ::1 at 2015-11-02 15:29:56 +0700
Processing by ArticlesController#new as HTML
  Rendered articles/_form.html.erb (227.1ms)
  Rendered articles/new.html.erb within layouts/application (259.1ms)
Completed 200 OK in 357ms (Views: 357.0ms | ActiveRecord: 0.0ms)


Started POST "/articles" for ::1 at 2015-11-02 15:30:07 +0700
Processing by ArticlesController#create as HTML
  Parameters: {"utf8"=>"✓", "authenticity_token"=>"MCzNHfx7Xn6kXBSjqcZW5MVQLxXuINWNbCZQEXcIuUtGCwzpQ7kU9tzmbRXmXEXAqgmsaKU2jUvEF5YUvraxuw==", "article"=>{"name"=>"adra", "content"=>"tis is adra"}, "commit"=>"Create Article"}
Redirected to http://localhost:3000/articles/56371f0fc567a01c50000000
Completed 302 Found in 1700ms (ActiveRecord: 0.0ms)


Started GET "/articles/56371f0fc567a01c50000000" for ::1 at 2015-11-02 15:30:09 +0700
Processing by ArticlesController#show as HTML
  Parameters: {"id"=>"56371f0fc567a01c50000000"}
  Rendered articles/show.html.erb within layouts/application (1.0ms)
Completed 200 OK in 150ms (Views: 111.3ms | ActiveRecord: 0.0ms)


Started GET "/articles" for ::1 at 2015-11-02 15:30:11 +0700
Processing by ArticlesController#index as HTML
  Rendered articles/index.html.erb within layouts/application (115.0ms)
Completed 200 OK in 221ms (Views: 220.6ms | ActiveRecord: 0.0ms)


Started GET "/" for ::1 at 2015-11-03 10:29:30 +0700
Processing by PostsController#index as HTML
Completed 500 Internal Server Error in 139ms (ActiveRecord: 0.0ms)

ActionView::MissingTemplate (Missing template posts/index, application/index with {:locale=>[:en], :formats=>[:html], :variants=>[], :handlers=>[:erb, :builder, :raw, :ruby, :coffee, :jbuilder]}. Searched in:
  * "C:/Users/Sovereignty/Documents/Aptana Studio 3 Workspace/websitewithmongodb/app/views"
):
  actionview (4.2.4) lib/action_view/path_set.rb:46:in `find'
  actionview (4.2.4) lib/action_view/lookup_context.rb:121:in `find'
  c:in `find_template'
  actionview (4.2.4) lib/action_view/renderer/template_renderer.rb:40:in `determine_template'
  actionview (4.2.4) lib/action_view/renderer/template_renderer.rb:8:in `render'
  actionview (4.2.4) lib/action_view/renderer/renderer.rb:42:in `render_template'
  actionview (4.2.4) lib/action_view/renderer/renderer.rb:23:in `render'
  actionview (4.2.4) lib/action_view/rendering.rb:100:in `_render_template'
  actionpack (4.2.4) lib/action_controller/metal/streaming.rb:217:in `_render_template'
  actionview (4.2.4) lib/action_view/rendering.rb:83:in `render_to_body'
  actionpack (4.2.4) lib/action_controller/metal/rendering.rb:32:in `render_to_body'
  actionpack (4.2.4) lib/action_controller/metal/renderers.rb:37:in `render_to_body'
  actionpack (4.2.4) lib/abstract_controller/rendering.rb:25:in `render'
  actionpack (4.2.4) lib/action_controller/metal/rendering.rb:16:in `render'
  actionpack (4.2.4) lib/action_controller/metal/instrumentation.rb:44:in `block (2 levels) in render'
  activesupport (4.2.4) lib/active_support/core_ext/benchmark.rb:12:in `block in ms'
  c:/Ruby22-x64/lib/ruby/2.2.0/benchmark.rb:303:in `realtime'
  activesupport (4.2.4) lib/active_support/core_ext/benchmark.rb:12:in `ms'
  actionpack (4.2.4) lib/action_controller/metal/instrumentation.rb:44:in `block in render'
  actionpack (4.2.4) lib/action_controller/metal/instrumentation.rb:87:in `cleanup_view_runtime'
  activerecord (4.2.4) lib/active_record/railties/controller_runtime.rb:25:in `cleanup_view_runtime'
  actionpack (4.2.4) lib/action_controller/metal/instrumentation.rb:43:in `render'
  actionpack (4.2.4) lib/action_controller/metal/implicit_render.rb:10:in `default_render'
  actionpack (4.2.4) lib/action_controller/metal/implicit_render.rb:5:in `send_action'
  actionpack (4.2.4) lib/abstract_controller/base.rb:198:in `process_action'
  actionpack (4.2.4) lib/action_controller/metal/rendering.rb:10:in `process_action'
  actionpack (4.2.4) lib/abstract_controller/callbacks.rb:20:in `block in process_action'
  activesupport (4.2.4) lib/active_support/callbacks.rb:117:in `call'
  activesupport (4.2.4) lib/active_support/callbacks.rb:117:in `call'
  activesupport (4.2.4) lib/active_support/callbacks.rb:555:in `block (2 levels) in compile'
  activesupport (4.2.4) lib/active_support/callbacks.rb:505:in `call'
  activesupport (4.2.4) lib/active_support/callbacks.rb:505:in `call'
  activesupport (4.2.4) lib/active_support/callbacks.rb:92:in `__run_callbacks__'
  activesupport (4.2.4) lib/active_support/callbacks.rb:778:in `_run_process_action_callbacks'
  activesupport (4.2.4) lib/active_support/callbacks.rb:81:in `run_callbacks'
  actionpack (4.2.4) lib/abstract_controller/callbacks.rb:19:in `process_action'
  actionpack (4.2.4) lib/action_controller/metal/rescue.rb:29:in `process_action'
  actionpack (4.2.4) lib/action_controller/metal/instrumentation.rb:32:in `block in process_action'
  activesupport (4.2.4) lib/active_support/notifications.rb:164:in `block in instrument'
  activesupport (4.2.4) lib/active_support/notifications/instrumenter.rb:20:in `instrument'
  activesupport (4.2.4) lib/active_support/notifications.rb:164:in `instrument'
  actionpack (4.2.4) lib/action_controller/metal/instrumentation.rb:30:in `process_action'
  actionpack (4.2.4) lib/action_controller/metal/params_wrapper.rb:250:in `process_action'
  activerecord (4.2.4) lib/active_record/railties/controller_runtime.rb:18:in `process_action'
  actionpack (4.2.4) lib/abstract_controller/base.rb:137:in `process'
  actionview (4.2.4) lib/action_view/rendering.rb:30:in `process'
  actionpack (4.2.4) lib/action_controller/metal.rb:196:in `dispatch'
  actionpack (4.2.4) lib/action_controller/metal/rack_delegation.rb:13:in `dispatch'
  actionpack (4.2.4) lib/action_controller/metal.rb:237:in `block in action'
  actionpack (4.2.4) lib/action_dispatch/routing/route_set.rb:76:in `call'
  actionpack (4.2.4) lib/action_dispatch/routing/route_set.rb:76:in `dispatch'
  actionpack (4.2.4) lib/action_dispatch/routing/route_set.rb:45:in `serve'
  actionpack (4.2.4) lib/action_dispatch/journey/router.rb:43:in `block in serve'
  actionpack (4.2.4) lib/action_dispatch/journey/router.rb:30:in `each'
  actionpack (4.2.4) lib/action_dispatch/journey/router.rb:30:in `serve'
  actionpack (4.2.4) lib/action_dispatch/routing/route_set.rb:821:in `call'
  rack (1.6.4) lib/rack/etag.rb:24:in `call'
  rack (1.6.4) lib/rack/conditionalget.rb:25:in `call'
  rack (1.6.4) lib/rack/head.rb:13:in `call'
  actionpack (4.2.4) lib/action_dispatch/middleware/params_parser.rb:27:in `call'
  actionpack (4.2.4) lib/action_dispatch/middleware/flash.rb:260:in `call'
  rack (1.6.4) lib/rack/session/abstract/id.rb:225:in `context'
  rack (1.6.4) lib/rack/session/abstract/id.rb:220:in `call'
  actionpack (4.2.4) lib/action_dispatch/middleware/cookies.rb:560:in `call'
  activerecord (4.2.4) lib/active_record/query_cache.rb:36:in `call'
  activerecord (4.2.4) lib/active_record/connection_adapters/abstract/connection_pool.rb:653:in `call'
  activerecord (4.2.4) lib/active_record/migration.rb:377:in `call'
  actionpack (4.2.4) lib/action_dispatch/middleware/callbacks.rb:29:in `block in call'
  activesupport (4.2.4) lib/active_support/callbacks.rb:88:in `__run_callbacks__'
  activesupport (4.2.4) lib/active_support/callbacks.rb:778:in `_run_call_callbacks'
  activesupport (4.2.4) lib/active_support/callbacks.rb:81:in `run_callbacks'
  actionpack (4.2.4) lib/action_dispatch/middleware/callbacks.rb:27:in `call'
  actionpack (4.2.4) lib/action_dispatch/middleware/reloader.rb:73:in `call'
  actionpack (4.2.4) lib/action_dispatch/middleware/remote_ip.rb:78:in `call'
  actionpack (4.2.4) lib/action_dispatch/middleware/debug_exceptions.rb:17:in `call'
  web-console (2.2.1) lib/web_console/middleware.rb:39:in `call'
  actionpack (4.2.4) lib/action_dispatch/middleware/show_exceptions.rb:30:in `call'
  railties (4.2.4) lib/rails/rack/logger.rb:38:in `call_app'
  railties (4.2.4) lib/rails/rack/logger.rb:20:in `block in call'
  activesupport (4.2.4) lib/active_support/tagged_logging.rb:68:in `block in tagged'
  activesupport (4.2.4) lib/active_support/tagged_logging.rb:26:in `tagged'
  activesupport (4.2.4) lib/active_support/tagged_logging.rb:68:in `tagged'
  railties (4.2.4) lib/rails/rack/logger.rb:20:in `call'
  actionpack (4.2.4) lib/action_dispatch/middleware/request_id.rb:21:in `call'
  rack (1.6.4) lib/rack/methodoverride.rb:22:in `call'
  rack (1.6.4) lib/rack/runtime.rb:18:in `call'
  activesupport (4.2.4) lib/active_support/cache/strategy/local_cache_middleware.rb:28:in `call'
  rack (1.6.4) lib/rack/lock.rb:17:in `call'
  actionpack (4.2.4) lib/action_dispatch/middleware/static.rb:116:in `call'
  rack (1.6.4) lib/rack/sendfile.rb:113:in `call'
  railties (4.2.4) lib/rails/engine.rb:518:in `call'
  railties (4.2.4) lib/rails/application.rb:165:in `call'
  rack (1.6.4) lib/rack/lock.rb:17:in `call'
  rack (1.6.4) lib/rack/content_length.rb:15:in `call'
  rack (1.6.4) lib/rack/handler/webrick.rb:88:in `service'
  c:/Ruby22-x64/lib/ruby/2.2.0/webrick/httpserver.rb:138:in `service'
  c:/Ruby22-x64/lib/ruby/2.2.0/webrick/httpserver.rb:94:in `run'
  c:/Ruby22-x64/lib/ruby/2.2.0/webrick/server.rb:294:in `block in start_thread'


  Rendered c:/Ruby22-x64/lib/ruby/gems/2.2.0/gems/actionpack-4.2.4/lib/action_dispatch/middleware/templates/rescues/_source.erb (0.0ms)
  Rendered c:/Ruby22-x64/lib/ruby/gems/2.2.0/gems/actionpack-4.2.4/lib/action_dispatch/middleware/templates/rescues/_trace.html.erb (4.0ms)
  Rendered c:/Ruby22-x64/lib/ruby/gems/2.2.0/gems/actionpack-4.2.4/lib/action_dispatch/middleware/templates/rescues/_request_and_response.html.erb (1.0ms)
  Rendered c:/Ruby22-x64/lib/ruby/gems/2.2.0/gems/actionpack-4.2.4/lib/action_dispatch/middleware/templates/rescues/missing_template.html.erb within rescues/layout (551.6ms)
  Rendered c:/Ruby22-x64/lib/ruby/gems/2.2.0/gems/web-console-2.2.1/lib/web_console/templates/_markup.html.erb (0.0ms)
  Rendered c:/Ruby22-x64/lib/ruby/gems/2.2.0/gems/web-console-2.2.1/lib/web_console/templates/_inner_console_markup.html.erb within layouts/inlined_string (0.0ms)
  Rendered c:/Ruby22-x64/lib/ruby/gems/2.2.0/gems/web-console-2.2.1/lib/web_console/templates/_prompt_box_markup.html.erb within layouts/inlined_string (0.0ms)
  Rendered c:/Ruby22-x64/lib/ruby/gems/2.2.0/gems/web-console-2.2.1/lib/web_console/templates/style.css.erb within layouts/inlined_string (1.0ms)
  Rendered c:/Ruby22-x64/lib/ruby/gems/2.2.0/gems/web-console-2.2.1/lib/web_console/templates/console.js.erb within layouts/javascript (445.3ms)
  Rendered c:/Ruby22-x64/lib/ruby/gems/2.2.0/gems/web-console-2.2.1/lib/web_console/templates/main.js.erb within layouts/javascript (1.0ms)
  Rendered c:/Ruby22-x64/lib/ruby/gems/2.2.0/gems/web-console-2.2.1/lib/web_console/templates/error_page.js.erb within layouts/javascript (0.0ms)
  Rendered c:/Ruby22-x64/lib/ruby/gems/2.2.0/gems/web-console-2.2.1/lib/web_console/templates/index.html.erb (1046.8ms)


Started GET "/" for ::1 at 2015-11-03 10:31:44 +0700
Processing by PostsController#index as HTML
  Rendered posts/index.html.erb within layouts/application (0.0ms)
Completed 200 OK in 832ms (Views: 831.3ms | ActiveRecord: 0.0ms)


Started GET "/assets/articles.self-e3b0c44298fc1c149afbf4c8996fb92427ae41e4649b934ca495991b7852b855.css?body=1" for ::1 at 2015-11-03 10:31:45 +0700


Started GET "/assets/scaffolds.self-57cf772a581e75f8007de37c1e1b2cee644c62ad03d50f24dd68d7d90f6d068a.css?body=1" for ::1 at 2015-11-03 10:31:45 +0700


Started GET "/assets/application.self-e80e8f2318043e8af94dddc2adad5a4f09739a8ebb323b3ab31cd71d45fd9113.css?body=1" for ::1 at 2015-11-03 10:31:45 +0700


Started GET "/assets/posts.self-e3b0c44298fc1c149afbf4c8996fb92427ae41e4649b934ca495991b7852b855.css?body=1" for ::1 at 2015-11-03 10:31:45 +0700


Started GET "/assets/jquery.self-a714331225dda820228db323939889f149aec0127aeb06255646b616ba1ca419.js?body=1" for ::1 at 2015-11-03 10:31:45 +0700


Started GET "/assets/jquery_ujs.self-d456baa54c1fa6be2ec3711f0a72ddf7a5b2f34a6b4f515f33767d6207b7d4b3.js?body=1" for ::1 at 2015-11-03 10:31:45 +0700


Started GET "/assets/turbolinks.self-c37727e9bd6b2735da5c311aa83fead54ed0be6cc8bd9a65309e9c5abe2cbfff.js?body=1" for ::1 at 2015-11-03 10:31:45 +0700


Started GET "/assets/articles.self-877aef30ae1b040ab8a3aba4e3e309a11d7f2612f44dde450b5c157aa5f95c05.js?body=1" for ::1 at 2015-11-03 10:31:45 +0700


Started GET "/assets/posts.self-877aef30ae1b040ab8a3aba4e3e309a11d7f2612f44dde450b5c157aa5f95c05.js?body=1" for ::1 at 2015-11-03 10:31:45 +0700


Started GET "/assets/application.self-3b8dabdc891efe46b9a144b400ad69e37d7e5876bdc39dee783419a69d7ca819.js?body=1" for ::1 at 2015-11-03 10:31:45 +0700


Started GET "/posts/new" for ::1 at 2015-11-03 10:33:24 +0700
Processing by PostsController#new as HTML
  Rendered posts/new.html.erb within layouts/application (0.0ms)
Completed 200 OK in 122ms (Views: 121.6ms | ActiveRecord: 0.0ms)


Started GET "/posts/new" for ::1 at 2015-11-03 10:42:46 +0700
Processing by PostsController#new as HTML
  Rendered posts/new.html.erb within layouts/application (1.0ms)
Completed 500 Internal Server Error in 33ms (ActiveRecord: 0.0ms)

SyntaxError (C:/Users/Sovereignty/Documents/Aptana Studio 3 Workspace/websitewithmongodb/app/views/posts/new.html.erb:3: syntax error, unexpected tSYMBEG, expecting keyword_do or '{' or '('
...r.append=  form_for :post,url :posts_path do |f| @output_buf...
...                               ^
C:/Users/Sovereignty/Documents/Aptana Studio 3 Workspace/websitewithmongodb/app/views/posts/new.html.erb:19: syntax error, unexpected keyword_ensure, expecting end-of-input):
  app/views/posts/new.html.erb:3: syntax error, unexpected tSYMBEG, expecting keyword_do or '{' or '('
  app/views/posts/new.html.erb:19: syntax error, unexpected keyword_ensure, expecting end-of-input


  Rendered c:/Ruby22-x64/lib/ruby/gems/2.2.0/gems/actionpack-4.2.4/lib/action_dispatch/middleware/templates/rescues/_source.erb (1.0ms)
  Rendered c:/Ruby22-x64/lib/ruby/gems/2.2.0/gems/actionpack-4.2.4/lib/action_dispatch/middleware/templates/rescues/_trace.html.erb (4.0ms)
  Rendered c:/Ruby22-x64/lib/ruby/gems/2.2.0/gems/actionpack-4.2.4/lib/action_dispatch/middleware/templates/rescues/_request_and_response.html.erb (1.0ms)
  Rendered c:/Ruby22-x64/lib/ruby/gems/2.2.0/gems/actionpack-4.2.4/lib/action_dispatch/middleware/templates/rescues/diagnostics.html.erb within rescues/layout (486.3ms)
  Rendered c:/Ruby22-x64/lib/ruby/gems/2.2.0/gems/web-console-2.2.1/lib/web_console/templates/_markup.html.erb (1.0ms)
  Rendered c:/Ruby22-x64/lib/ruby/gems/2.2.0/gems/web-console-2.2.1/lib/web_console/templates/_inner_console_markup.html.erb within layouts/inlined_string (0.0ms)
  Rendered c:/Ruby22-x64/lib/ruby/gems/2.2.0/gems/web-console-2.2.1/lib/web_console/templates/_prompt_box_markup.html.erb within layouts/inlined_string (0.0ms)
  Rendered c:/Ruby22-x64/lib/ruby/gems/2.2.0/gems/web-console-2.2.1/lib/web_console/templates/style.css.erb within layouts/inlined_string (1.0ms)
  Rendered c:/Ruby22-x64/lib/ruby/gems/2.2.0/gems/web-console-2.2.1/lib/web_console/templates/console.js.erb within layouts/javascript (436.3ms)
  Rendered c:/Ruby22-x64/lib/ruby/gems/2.2.0/gems/web-console-2.2.1/lib/web_console/templates/main.js.erb within layouts/javascript (1.0ms)
  Rendered c:/Ruby22-x64/lib/ruby/gems/2.2.0/gems/web-console-2.2.1/lib/web_console/templates/error_page.js.erb within layouts/javascript (1.0ms)
  Rendered c:/Ruby22-x64/lib/ruby/gems/2.2.0/gems/web-console-2.2.1/lib/web_console/templates/index.html.erb (1001.7ms)


Started GET "/posts/new" for ::1 at 2015-11-03 10:43:41 +0700
Processing by PostsController#new as HTML
  Rendered posts/new.html.erb within layouts/application (1.0ms)
Completed 500 Internal Server Error in 33ms (ActiveRecord: 0.0ms)

SyntaxError (C:/Users/Sovereignty/Documents/Aptana Studio 3 Workspace/websitewithmongodb/app/views/posts/new.html.erb:3: syntax error, unexpected tSYMBEG, expecting keyword_do or '{' or '('
....append=  form_for :posts,url :posts_path do |f| @output_buf...
...                               ^
C:/Users/Sovereignty/Documents/Aptana Studio 3 Workspace/websitewithmongodb/app/views/posts/new.html.erb:19: syntax error, unexpected keyword_ensure, expecting end-of-input):
  app/views/posts/new.html.erb:3: syntax error, unexpected tSYMBEG, expecting keyword_do or '{' or '('
  app/views/posts/new.html.erb:19: syntax error, unexpected keyword_ensure, expecting end-of-input


  Rendered c:/Ruby22-x64/lib/ruby/gems/2.2.0/gems/actionpack-4.2.4/lib/action_dispatch/middleware/templates/rescues/_source.erb (1.0ms)
  Rendered c:/Ruby22-x64/lib/ruby/gems/2.2.0/gems/actionpack-4.2.4/lib/action_dispatch/middleware/templates/rescues/_trace.html.erb (4.0ms)
  Rendered c:/Ruby22-x64/lib/ruby/gems/2.2.0/gems/actionpack-4.2.4/lib/action_dispatch/middleware/templates/rescues/_request_and_response.html.erb (1.0ms)
  Rendered c:/Ruby22-x64/lib/ruby/gems/2.2.0/gems/actionpack-4.2.4/lib/action_dispatch/middleware/templates/rescues/diagnostics.html.erb within rescues/layout (482.3ms)
  Rendered c:/Ruby22-x64/lib/ruby/gems/2.2.0/gems/web-console-2.2.1/lib/web_console/templates/_markup.html.erb (0.0ms)
  Rendered c:/Ruby22-x64/lib/ruby/gems/2.2.0/gems/web-console-2.2.1/lib/web_console/templates/_inner_console_markup.html.erb within layouts/inlined_string (0.0ms)
  Rendered c:/Ruby22-x64/lib/ruby/gems/2.2.0/gems/web-console-2.2.1/lib/web_console/templates/_prompt_box_markup.html.erb within layouts/inlined_string (1.0ms)
  Rendered c:/Ruby22-x64/lib/ruby/gems/2.2.0/gems/web-console-2.2.1/lib/web_console/templates/style.css.erb within layouts/inlined_string (0.0ms)
  Rendered c:/Ruby22-x64/lib/ruby/gems/2.2.0/gems/web-console-2.2.1/lib/web_console/templates/console.js.erb within layouts/javascript (441.3ms)
  Rendered c:/Ruby22-x64/lib/ruby/gems/2.2.0/gems/web-console-2.2.1/lib/web_console/templates/main.js.erb within layouts/javascript (1.0ms)
  Rendered c:/Ruby22-x64/lib/ruby/gems/2.2.0/gems/web-console-2.2.1/lib/web_console/templates/error_page.js.erb within layouts/javascript (0.0ms)
  Rendered c:/Ruby22-x64/lib/ruby/gems/2.2.0/gems/web-console-2.2.1/lib/web_console/templates/index.html.erb (1007.7ms)


Started POST "/posts/console/repl_sessions/e6d642900b06fd7eb9b6d4d223fa9ae3/trace" for ::1 at 2015-11-03 10:43:50 +0700


Started GET "/posts/new" for ::1 at 2015-11-03 10:45:13 +0700
Processing by PostsController#new as HTML
  Rendered posts/new.html.erb within layouts/application (2.0ms)
Completed 500 Internal Server Error in 32ms (ActiveRecord: 0.0ms)

SyntaxError (C:/Users/Sovereignty/Documents/Aptana Studio 3 Workspace/websitewithmongodb/app/views/posts/new.html.erb:3: syntax error, unexpected tSYMBEG, expecting keyword_do or '{' or '('
....append=  form_for :post, url :posts_path do |f| @output_buf...
...                               ^
C:/Users/Sovereignty/Documents/Aptana Studio 3 Workspace/websitewithmongodb/app/views/posts/new.html.erb:19: syntax error, unexpected keyword_ensure, expecting end-of-input):
  app/views/posts/new.html.erb:3: syntax error, unexpected tSYMBEG, expecting keyword_do or '{' or '('
  app/views/posts/new.html.erb:19: syntax error, unexpected keyword_ensure, expecting end-of-input


  Rendered c:/Ruby22-x64/lib/ruby/gems/2.2.0/gems/actionpack-4.2.4/lib/action_dispatch/middleware/templates/rescues/_source.erb (1.0ms)
  Rendered c:/Ruby22-x64/lib/ruby/gems/2.2.0/gems/actionpack-4.2.4/lib/action_dispatch/middleware/templates/rescues/_trace.html.erb (4.0ms)
  Rendered c:/Ruby22-x64/lib/ruby/gems/2.2.0/gems/actionpack-4.2.4/lib/action_dispatch/middleware/templates/rescues/_request_and_response.html.erb (1.0ms)
  Rendered c:/Ruby22-x64/lib/ruby/gems/2.2.0/gems/actionpack-4.2.4/lib/action_dispatch/middleware/templates/rescues/diagnostics.html.erb within rescues/layout (484.3ms)
  Rendered c:/Ruby22-x64/lib/ruby/gems/2.2.0/gems/web-console-2.2.1/lib/web_console/templates/_markup.html.erb (1.0ms)
  Rendered c:/Ruby22-x64/lib/ruby/gems/2.2.0/gems/web-console-2.2.1/lib/web_console/templates/_inner_console_markup.html.erb within layouts/inlined_string (0.0ms)
  Rendered c:/Ruby22-x64/lib/ruby/gems/2.2.0/gems/web-console-2.2.1/lib/web_console/templates/_prompt_box_markup.html.erb within layouts/inlined_string (0.0ms)
  Rendered c:/Ruby22-x64/lib/ruby/gems/2.2.0/gems/web-console-2.2.1/lib/web_console/templates/style.css.erb within layouts/inlined_string (0.0ms)
  Rendered c:/Ruby22-x64/lib/ruby/gems/2.2.0/gems/web-console-2.2.1/lib/web_console/templates/console.js.erb within layouts/javascript (440.3ms)
  Rendered c:/Ruby22-x64/lib/ruby/gems/2.2.0/gems/web-console-2.2.1/lib/web_console/templates/main.js.erb within layouts/javascript (0.0ms)
  Rendered c:/Ruby22-x64/lib/ruby/gems/2.2.0/gems/web-console-2.2.1/lib/web_console/templates/error_page.js.erb within layouts/javascript (0.0ms)
  Rendered c:/Ruby22-x64/lib/ruby/gems/2.2.0/gems/web-console-2.2.1/lib/web_console/templates/index.html.erb (1010.7ms)


Started GET "/posts/new" for ::1 at 2015-11-03 10:52:17 +0700
Processing by PostsController#new as HTML
  Rendered posts/new.html.erb within layouts/application (1.0ms)
Completed 500 Internal Server Error in 33ms (ActiveRecord: 0.0ms)

SyntaxError (C:/Users/Sovereignty/Documents/Aptana Studio 3 Workspace/websitewithmongodb/app/views/posts/new.html.erb:3: syntax error, unexpected tSYMBEG, expecting keyword_do or '{' or '('
....append=  form_for :post, url :posts_path do |f| @output_buf...
...                               ^
C:/Users/Sovereignty/Documents/Aptana Studio 3 Workspace/websitewithmongodb/app/views/posts/new.html.erb:19: syntax error, unexpected keyword_ensure, expecting end-of-input):
  app/views/posts/new.html.erb:3: syntax error, unexpected tSYMBEG, expecting keyword_do or '{' or '('
  app/views/posts/new.html.erb:19: syntax error, unexpected keyword_ensure, expecting end-of-input


  Rendered c:/Ruby22-x64/lib/ruby/gems/2.2.0/gems/actionpack-4.2.4/lib/action_dispatch/middleware/templates/rescues/_source.erb (1.0ms)
  Rendered c:/Ruby22-x64/lib/ruby/gems/2.2.0/gems/actionpack-4.2.4/lib/action_dispatch/middleware/templates/rescues/_trace.html.erb (5.0ms)
  Rendered c:/Ruby22-x64/lib/ruby/gems/2.2.0/gems/actionpack-4.2.4/lib/action_dispatch/middleware/templates/rescues/_request_and_response.html.erb (1.0ms)
  Rendered c:/Ruby22-x64/lib/ruby/gems/2.2.0/gems/actionpack-4.2.4/lib/action_dispatch/middleware/templates/rescues/diagnostics.html.erb within rescues/layout (485.3ms)
  Rendered c:/Ruby22-x64/lib/ruby/gems/2.2.0/gems/web-console-2.2.1/lib/web_console/templates/_markup.html.erb (0.0ms)
  Rendered c:/Ruby22-x64/lib/ruby/gems/2.2.0/gems/web-console-2.2.1/lib/web_console/templates/_inner_console_markup.html.erb within layouts/inlined_string (0.0ms)
  Rendered c:/Ruby22-x64/lib/ruby/gems/2.2.0/gems/web-console-2.2.1/lib/web_console/templates/_prompt_box_markup.html.erb within layouts/inlined_string (1.0ms)
  Rendered c:/Ruby22-x64/lib/ruby/gems/2.2.0/gems/web-console-2.2.1/lib/web_console/templates/style.css.erb within layouts/inlined_string (1.0ms)
  Rendered c:/Ruby22-x64/lib/ruby/gems/2.2.0/gems/web-console-2.2.1/lib/web_console/templates/console.js.erb within layouts/javascript (439.3ms)
  Rendered c:/Ruby22-x64/lib/ruby/gems/2.2.0/gems/web-console-2.2.1/lib/web_console/templates/main.js.erb within layouts/javascript (1.0ms)
  Rendered c:/Ruby22-x64/lib/ruby/gems/2.2.0/gems/web-console-2.2.1/lib/web_console/templates/error_page.js.erb within layouts/javascript (1.0ms)
  Rendered c:/Ruby22-x64/lib/ruby/gems/2.2.0/gems/web-console-2.2.1/lib/web_console/templates/index.html.erb (1004.7ms)


Started GET "/posts/new" for ::1 at 2015-11-03 10:53:36 +0700
Processing by PostsController#new as HTML
  Rendered posts/new.html.erb within layouts/application (155.4ms)
Completed 200 OK in 257ms (Views: 256.6ms | ActiveRecord: 0.0ms)


Started GET "/assets/posts.self-e3b0c44298fc1c149afbf4c8996fb92427ae41e4649b934ca495991b7852b855.css?body=1" for ::1 at 2015-11-03 10:53:36 +0700


Started GET "/assets/scaffolds.self-57cf772a581e75f8007de37c1e1b2cee644c62ad03d50f24dd68d7d90f6d068a.css?body=1" for ::1 at 2015-11-03 10:53:36 +0700


Started GET "/assets/articles.self-e3b0c44298fc1c149afbf4c8996fb92427ae41e4649b934ca495991b7852b855.css?body=1" for ::1 at 2015-11-03 10:53:36 +0700


Started GET "/assets/application.self-e80e8f2318043e8af94dddc2adad5a4f09739a8ebb323b3ab31cd71d45fd9113.css?body=1" for ::1 at 2015-11-03 10:53:36 +0700


Started GET "/assets/jquery.self-a714331225dda820228db323939889f149aec0127aeb06255646b616ba1ca419.js?body=1" for ::1 at 2015-11-03 10:53:36 +0700


Started GET "/assets/jquery_ujs.self-d456baa54c1fa6be2ec3711f0a72ddf7a5b2f34a6b4f515f33767d6207b7d4b3.js?body=1" for ::1 at 2015-11-03 10:53:36 +0700


Started GET "/assets/turbolinks.self-c37727e9bd6b2735da5c311aa83fead54ed0be6cc8bd9a65309e9c5abe2cbfff.js?body=1" for ::1 at 2015-11-03 10:53:36 +0700


Started GET "/assets/articles.self-877aef30ae1b040ab8a3aba4e3e309a11d7f2612f44dde450b5c157aa5f95c05.js?body=1" for ::1 at 2015-11-03 10:53:36 +0700


Started GET "/assets/posts.self-877aef30ae1b040ab8a3aba4e3e309a11d7f2612f44dde450b5c157aa5f95c05.js?body=1" for ::1 at 2015-11-03 10:53:36 +0700


Started GET "/assets/application.self-3b8dabdc891efe46b9a144b400ad69e37d7e5876bdc39dee783419a69d7ca819.js?body=1" for ::1 at 2015-11-03 10:53:36 +0700


Started GET "/posts/new" for ::1 at 2015-11-03 11:02:57 +0700
Processing by PostsController#new as HTML
  Rendered posts/new.html.erb within layouts/application (2.0ms)
Completed 500 Internal Server Error in 33ms (ActiveRecord: 0.0ms)

SyntaxError (C:/Users/Sovereignty/Documents/Aptana Studio 3 Workspace/websitewithmongodb/app/views/posts/new.html.erb:31: syntax error, unexpected =>, expecting :: or '[' or '.'
...ffer.append=( f.submit,:html => {:class => 'btn btn-primary'...
...                               ^):
  app/views/posts/new.html.erb:31: syntax error, unexpected =>, expecting :: or '[' or '.'


  Rendered c:/Ruby22-x64/lib/ruby/gems/2.2.0/gems/actionpack-4.2.4/lib/action_dispatch/middleware/templates/rescues/_source.erb (1.0ms)
  Rendered c:/Ruby22-x64/lib/ruby/gems/2.2.0/gems/actionpack-4.2.4/lib/action_dispatch/middleware/templates/rescues/_trace.html.erb (4.0ms)
  Rendered c:/Ruby22-x64/lib/ruby/gems/2.2.0/gems/actionpack-4.2.4/lib/action_dispatch/middleware/templates/rescues/_request_and_response.html.erb (0.0ms)
  Rendered c:/Ruby22-x64/lib/ruby/gems/2.2.0/gems/actionpack-4.2.4/lib/action_dispatch/middleware/templates/rescues/diagnostics.html.erb within rescues/layout (483.3ms)
  Rendered c:/Ruby22-x64/lib/ruby/gems/2.2.0/gems/web-console-2.2.1/lib/web_console/templates/_markup.html.erb (0.0ms)
  Rendered c:/Ruby22-x64/lib/ruby/gems/2.2.0/gems/web-console-2.2.1/lib/web_console/templates/_inner_console_markup.html.erb within layouts/inlined_string (1.0ms)
  Rendered c:/Ruby22-x64/lib/ruby/gems/2.2.0/gems/web-console-2.2.1/lib/web_console/templates/_prompt_box_markup.html.erb within layouts/inlined_string (0.0ms)
  Rendered c:/Ruby22-x64/lib/ruby/gems/2.2.0/gems/web-console-2.2.1/lib/web_console/templates/style.css.erb within layouts/inlined_string (0.0ms)
  Rendered c:/Ruby22-x64/lib/ruby/gems/2.2.0/gems/web-console-2.2.1/lib/web_console/templates/console.js.erb within layouts/javascript (443.3ms)
  Rendered c:/Ruby22-x64/lib/ruby/gems/2.2.0/gems/web-console-2.2.1/lib/web_console/templates/main.js.erb within layouts/javascript (0.0ms)
  Rendered c:/Ruby22-x64/lib/ruby/gems/2.2.0/gems/web-console-2.2.1/lib/web_console/templates/error_page.js.erb within layouts/javascript (0.0ms)
  Rendered c:/Ruby22-x64/lib/ruby/gems/2.2.0/gems/web-console-2.2.1/lib/web_console/templates/index.html.erb (1020.7ms)


Started GET "/posts/new" for ::1 at 2015-11-03 11:04:08 +0700
Processing by PostsController#new as HTML
  Rendered posts/new.html.erb within layouts/application (1.0ms)
Completed 500 Internal Server Error in 32ms (ActiveRecord: 0.0ms)

SyntaxError (C:/Users/Sovereignty/Documents/Aptana Studio 3 Workspace/websitewithmongodb/app/views/posts/new.html.erb:31: syntax error, unexpected =>, expecting :: or '[' or '.'
...fer.append=( f.submit,:class => 'btn btn-primary' );@output_...
...                               ^):
  app/views/posts/new.html.erb:31: syntax error, unexpected =>, expecting :: or '[' or '.'


  Rendered c:/Ruby22-x64/lib/ruby/gems/2.2.0/gems/actionpack-4.2.4/lib/action_dispatch/middleware/templates/rescues/_source.erb (0.0ms)
  Rendered c:/Ruby22-x64/lib/ruby/gems/2.2.0/gems/actionpack-4.2.4/lib/action_dispatch/middleware/templates/rescues/_trace.html.erb (4.0ms)
  Rendered c:/Ruby22-x64/lib/ruby/gems/2.2.0/gems/actionpack-4.2.4/lib/action_dispatch/middleware/templates/rescues/_request_and_response.html.erb (0.0ms)
  Rendered c:/Ruby22-x64/lib/ruby/gems/2.2.0/gems/actionpack-4.2.4/lib/action_dispatch/middleware/templates/rescues/diagnostics.html.erb within rescues/layout (482.3ms)
  Rendered c:/Ruby22-x64/lib/ruby/gems/2.2.0/gems/web-console-2.2.1/lib/web_console/templates/_markup.html.erb (1.0ms)
  Rendered c:/Ruby22-x64/lib/ruby/gems/2.2.0/gems/web-console-2.2.1/lib/web_console/templates/_inner_console_markup.html.erb within layouts/inlined_string (0.0ms)
  Rendered c:/Ruby22-x64/lib/ruby/gems/2.2.0/gems/web-console-2.2.1/lib/web_console/templates/_prompt_box_markup.html.erb within layouts/inlined_string (0.0ms)
  Rendered c:/Ruby22-x64/lib/ruby/gems/2.2.0/gems/web-console-2.2.1/lib/web_console/templates/style.css.erb within layouts/inlined_string (1.0ms)
  Rendered c:/Ruby22-x64/lib/ruby/gems/2.2.0/gems/web-console-2.2.1/lib/web_console/templates/console.js.erb within layouts/javascript (439.3ms)
  Rendered c:/Ruby22-x64/lib/ruby/gems/2.2.0/gems/web-console-2.2.1/lib/web_console/templates/main.js.erb within layouts/javascript (0.0ms)
  Rendered c:/Ruby22-x64/lib/ruby/gems/2.2.0/gems/web-console-2.2.1/lib/web_console/templates/error_page.js.erb within layouts/javascript (0.0ms)
  Rendered c:/Ruby22-x64/lib/ruby/gems/2.2.0/gems/web-console-2.2.1/lib/web_console/templates/index.html.erb (1006.7ms)


Started GET "/posts/new" for ::1 at 2015-11-03 11:11:23 +0700
Processing by PostsController#new as HTML
  Rendered posts/new.html.erb within layouts/application (1.0ms)
Completed 500 Internal Server Error in 32ms (ActiveRecord: 0.0ms)

SyntaxError (C:/Users/Sovereignty/Documents/Aptana Studio 3 Workspace/websitewithmongodb/app/views/posts/new.html.erb:31: syntax error, unexpected =>, expecting :: or '[' or '.'
...fer.append=( f.submit,:class => 'btn btn-primary' );@output_...
...                               ^):
  app/views/posts/new.html.erb:31: syntax error, unexpected =>, expecting :: or '[' or '.'


  Rendered c:/Ruby22-x64/lib/ruby/gems/2.2.0/gems/actionpack-4.2.4/lib/action_dispatch/middleware/templates/rescues/_source.erb (1.0ms)
  Rendered c:/Ruby22-x64/lib/ruby/gems/2.2.0/gems/actionpack-4.2.4/lib/action_dispatch/middleware/templates/rescues/_trace.html.erb (5.0ms)
  Rendered c:/Ruby22-x64/lib/ruby/gems/2.2.0/gems/actionpack-4.2.4/lib/action_dispatch/middleware/templates/rescues/_request_and_response.html.erb (1.0ms)
  Rendered c:/Ruby22-x64/lib/ruby/gems/2.2.0/gems/actionpack-4.2.4/lib/action_dispatch/middleware/templates/rescues/diagnostics.html.erb within rescues/layout (480.3ms)
  Rendered c:/Ruby22-x64/lib/ruby/gems/2.2.0/gems/web-console-2.2.1/lib/web_console/templates/_markup.html.erb (0.0ms)
  Rendered c:/Ruby22-x64/lib/ruby/gems/2.2.0/gems/web-console-2.2.1/lib/web_console/templates/_inner_console_markup.html.erb within layouts/inlined_string (0.0ms)
  Rendered c:/Ruby22-x64/lib/ruby/gems/2.2.0/gems/web-console-2.2.1/lib/web_console/templates/_prompt_box_markup.html.erb within layouts/inlined_string (1.0ms)
  Rendered c:/Ruby22-x64/lib/ruby/gems/2.2.0/gems/web-console-2.2.1/lib/web_console/templates/style.css.erb within layouts/inlined_string (0.0ms)
  Rendered c:/Ruby22-x64/lib/ruby/gems/2.2.0/gems/web-console-2.2.1/lib/web_console/templates/console.js.erb within layouts/javascript (437.3ms)
  Rendered c:/Ruby22-x64/lib/ruby/gems/2.2.0/gems/web-console-2.2.1/lib/web_console/templates/main.js.erb within layouts/javascript (0.0ms)
  Rendered c:/Ruby22-x64/lib/ruby/gems/2.2.0/gems/web-console-2.2.1/lib/web_console/templates/error_page.js.erb within layouts/javascript (0.0ms)
  Rendered c:/Ruby22-x64/lib/ruby/gems/2.2.0/gems/web-console-2.2.1/lib/web_console/templates/index.html.erb (1004.7ms)


Started GET "/posts/new" for ::1 at 2015-11-03 11:12:20 +0700
Processing by PostsController#new as HTML
  Rendered posts/new.html.erb within layouts/application (1.0ms)
Completed 500 Internal Server Error in 32ms (ActiveRecord: 0.0ms)

SyntaxError (C:/Users/Sovereignty/Documents/Aptana Studio 3 Workspace/websitewithmongodb/app/views/posts/new.html.erb:22: syntax error, unexpected ':', expecting ')'
....append=( f.text_field :title :class => 'form-control' );@ou...
...                               ^
C:/Users/Sovereignty/Documents/Aptana Studio 3 Workspace/websitewithmongodb/app/views/posts/new.html.erb:27: syntax error, unexpected ':', expecting ')'
...er.append=( f.text_area :body :class => 'form-control' );@ou...
...                               ^
C:/Users/Sovereignty/Documents/Aptana Studio 3 Workspace/websitewithmongodb/app/views/posts/new.html.erb:31: syntax error, unexpected ':', expecting ')'
..._buffer.append=( f.submit nil :class => 'btn btn-primary' );...
...                               ^):
  app/views/posts/new.html.erb:22: syntax error, unexpected ':', expecting ')'
  app/views/posts/new.html.erb:27: syntax error, unexpected ':', expecting ')'
  app/views/posts/new.html.erb:31: syntax error, unexpected ':', expecting ')'


  Rendered c:/Ruby22-x64/lib/ruby/gems/2.2.0/gems/actionpack-4.2.4/lib/action_dispatch/middleware/templates/rescues/_source.erb (0.0ms)
  Rendered c:/Ruby22-x64/lib/ruby/gems/2.2.0/gems/actionpack-4.2.4/lib/action_dispatch/middleware/templates/rescues/_trace.html.erb (4.0ms)
  Rendered c:/Ruby22-x64/lib/ruby/gems/2.2.0/gems/actionpack-4.2.4/lib/action_dispatch/middleware/templates/rescues/_request_and_response.html.erb (1.0ms)
  Rendered c:/Ruby22-x64/lib/ruby/gems/2.2.0/gems/actionpack-4.2.4/lib/action_dispatch/middleware/templates/rescues/diagnostics.html.erb within rescues/layout (487.3ms)
  Rendered c:/Ruby22-x64/lib/ruby/gems/2.2.0/gems/web-console-2.2.1/lib/web_console/templates/_markup.html.erb (0.0ms)
  Rendered c:/Ruby22-x64/lib/ruby/gems/2.2.0/gems/web-console-2.2.1/lib/web_console/templates/_inner_console_markup.html.erb within layouts/inlined_string (1.0ms)
  Rendered c:/Ruby22-x64/lib/ruby/gems/2.2.0/gems/web-console-2.2.1/lib/web_console/templates/_prompt_box_markup.html.erb within layouts/inlined_string (0.0ms)
  Rendered c:/Ruby22-x64/lib/ruby/gems/2.2.0/gems/web-console-2.2.1/lib/web_console/templates/style.css.erb within layouts/inlined_string (1.0ms)
  Rendered c:/Ruby22-x64/lib/ruby/gems/2.2.0/gems/web-console-2.2.1/lib/web_console/templates/console.js.erb within layouts/javascript (438.3ms)
  Rendered c:/Ruby22-x64/lib/ruby/gems/2.2.0/gems/web-console-2.2.1/lib/web_console/templates/main.js.erb within layouts/javascript (0.0ms)
  Rendered c:/Ruby22-x64/lib/ruby/gems/2.2.0/gems/web-console-2.2.1/lib/web_console/templates/error_page.js.erb within layouts/javascript (0.0ms)
  Rendered c:/Ruby22-x64/lib/ruby/gems/2.2.0/gems/web-console-2.2.1/lib/web_console/templates/index.html.erb (1009.7ms)


Started GET "/posts/new" for ::1 at 2015-11-03 11:12:36 +0700
Processing by PostsController#new as HTML
  Rendered posts/new.html.erb within layouts/application (2.0ms)
Completed 200 OK in 116ms (Views: 115.8ms | ActiveRecord: 0.0ms)


Started GET "/assets/posts.self-e3b0c44298fc1c149afbf4c8996fb92427ae41e4649b934ca495991b7852b855.css?body=1" for ::1 at 2015-11-03 11:12:36 +0700


Started GET "/assets/scaffolds.self-57cf772a581e75f8007de37c1e1b2cee644c62ad03d50f24dd68d7d90f6d068a.css?body=1" for ::1 at 2015-11-03 11:12:36 +0700


Started GET "/assets/articles.self-e3b0c44298fc1c149afbf4c8996fb92427ae41e4649b934ca495991b7852b855.css?body=1" for ::1 at 2015-11-03 11:12:36 +0700


Started GET "/assets/application.self-e80e8f2318043e8af94dddc2adad5a4f09739a8ebb323b3ab31cd71d45fd9113.css?body=1" for ::1 at 2015-11-03 11:12:36 +0700


Started GET "/assets/jquery.self-a714331225dda820228db323939889f149aec0127aeb06255646b616ba1ca419.js?body=1" for ::1 at 2015-11-03 11:12:36 +0700


Started GET "/assets/jquery_ujs.self-d456baa54c1fa6be2ec3711f0a72ddf7a5b2f34a6b4f515f33767d6207b7d4b3.js?body=1" for ::1 at 2015-11-03 11:12:36 +0700


Started GET "/assets/articles.self-877aef30ae1b040ab8a3aba4e3e309a11d7f2612f44dde450b5c157aa5f95c05.js?body=1" for ::1 at 2015-11-03 11:12:36 +0700


Started GET "/assets/turbolinks.self-c37727e9bd6b2735da5c311aa83fead54ed0be6cc8bd9a65309e9c5abe2cbfff.js?body=1" for ::1 at 2015-11-03 11:12:36 +0700


Started GET "/assets/posts.self-877aef30ae1b040ab8a3aba4e3e309a11d7f2612f44dde450b5c157aa5f95c05.js?body=1" for ::1 at 2015-11-03 11:12:36 +0700


Started GET "/assets/application.self-3b8dabdc891efe46b9a144b400ad69e37d7e5876bdc39dee783419a69d7ca819.js?body=1" for ::1 at 2015-11-03 11:12:36 +0700


Started POST "/posts" for ::1 at 2015-11-03 12:11:54 +0700

AbstractController::ActionNotFound (The action 'create' could not be found for PostsController):
  actionpack (4.2.4) lib/abstract_controller/base.rb:132:in `process'
  actionview (4.2.4) lib/action_view/rendering.rb:30:in `process'
  actionpack (4.2.4) lib/action_controller/metal.rb:196:in `dispatch'
  actionpack (4.2.4) lib/action_controller/metal/rack_delegation.rb:13:in `dispatch'
  actionpack (4.2.4) lib/action_controller/metal.rb:237:in `block in action'
  actionpack (4.2.4) lib/action_dispatch/routing/route_set.rb:76:in `call'
  actionpack (4.2.4) lib/action_dispatch/routing/route_set.rb:76:in `dispatch'
  actionpack (4.2.4) lib/action_dispatch/routing/route_set.rb:45:in `serve'
  actionpack (4.2.4) lib/action_dispatch/journey/router.rb:43:in `block in serve'
  actionpack (4.2.4) lib/action_dispatch/journey/router.rb:30:in `each'
  actionpack (4.2.4) lib/action_dispatch/journey/router.rb:30:in `serve'
  actionpack (4.2.4) lib/action_dispatch/routing/route_set.rb:821:in `call'
  rack (1.6.4) lib/rack/etag.rb:24:in `call'
  rack (1.6.4) lib/rack/conditionalget.rb:38:in `call'
  rack (1.6.4) lib/rack/head.rb:13:in `call'
  actionpack (4.2.4) lib/action_dispatch/middleware/params_parser.rb:27:in `call'
  actionpack (4.2.4) lib/action_dispatch/middleware/flash.rb:260:in `call'
  rack (1.6.4) lib/rack/session/abstract/id.rb:225:in `context'
  rack (1.6.4) lib/rack/session/abstract/id.rb:220:in `call'
  actionpack (4.2.4) lib/action_dispatch/middleware/cookies.rb:560:in `call'
  activerecord (4.2.4) lib/active_record/query_cache.rb:36:in `call'
  activerecord (4.2.4) lib/active_record/connection_adapters/abstract/connection_pool.rb:653:in `call'
  activerecord (4.2.4) lib/active_record/migration.rb:377:in `call'
  actionpack (4.2.4) lib/action_dispatch/middleware/callbacks.rb:29:in `block in call'
  activesupport (4.2.4) lib/active_support/callbacks.rb:88:in `__run_callbacks__'
  activesupport (4.2.4) lib/active_support/callbacks.rb:778:in `_run_call_callbacks'
  activesupport (4.2.4) lib/active_support/callbacks.rb:81:in `run_callbacks'
  actionpack (4.2.4) lib/action_dispatch/middleware/callbacks.rb:27:in `call'
  actionpack (4.2.4) lib/action_dispatch/middleware/reloader.rb:73:in `call'
  actionpack (4.2.4) lib/action_dispatch/middleware/remote_ip.rb:78:in `call'
  actionpack (4.2.4) lib/action_dispatch/middleware/debug_exceptions.rb:17:in `call'
  web-console (2.2.1) lib/web_console/middleware.rb:39:in `call'
  actionpack (4.2.4) lib/action_dispatch/middleware/show_exceptions.rb:30:in `call'
  railties (4.2.4) lib/rails/rack/logger.rb:38:in `call_app'
  railties (4.2.4) lib/rails/rack/logger.rb:20:in `block in call'
  activesupport (4.2.4) lib/active_support/tagged_logging.rb:68:in `block in tagged'
  activesupport (4.2.4) lib/active_support/tagged_logging.rb:26:in `tagged'
  activesupport (4.2.4) lib/active_support/tagged_logging.rb:68:in `tagged'
  railties (4.2.4) lib/rails/rack/logger.rb:20:in `call'
  actionpack (4.2.4) lib/action_dispatch/middleware/request_id.rb:21:in `call'
  rack (1.6.4) lib/rack/methodoverride.rb:22:in `call'
  rack (1.6.4) lib/rack/runtime.rb:18:in `call'
  activesupport (4.2.4) lib/active_support/cache/strategy/local_cache_middleware.rb:28:in `call'
  rack (1.6.4) lib/rack/lock.rb:17:in `call'
  actionpack (4.2.4) lib/action_dispatch/middleware/static.rb:116:in `call'
  rack (1.6.4) lib/rack/sendfile.rb:113:in `call'
  railties (4.2.4) lib/rails/engine.rb:518:in `call'
  railties (4.2.4) lib/rails/application.rb:165:in `call'
  rack (1.6.4) lib/rack/lock.rb:17:in `call'
  rack (1.6.4) lib/rack/content_length.rb:15:in `call'
  rack (1.6.4) lib/rack/handler/webrick.rb:88:in `service'
  c:/Ruby22-x64/lib/ruby/2.2.0/webrick/httpserver.rb:138:in `service'
  c:/Ruby22-x64/lib/ruby/2.2.0/webrick/httpserver.rb:94:in `run'
  c:/Ruby22-x64/lib/ruby/2.2.0/webrick/server.rb:294:in `block in start_thread'


  Rendered c:/Ruby22-x64/lib/ruby/gems/2.2.0/gems/actionpack-4.2.4/lib/action_dispatch/middleware/templates/rescues/unknown_action.html.erb within rescues/layout (243.8ms)
  Rendered c:/Ruby22-x64/lib/ruby/gems/2.2.0/gems/web-console-2.2.1/lib/web_console/templates/_markup.html.erb (43.1ms)
  Rendered c:/Ruby22-x64/lib/ruby/gems/2.2.0/gems/web-console-2.2.1/lib/web_console/templates/_inner_console_markup.html.erb within layouts/inlined_string (18.1ms)
  Rendered c:/Ruby22-x64/lib/ruby/gems/2.2.0/gems/web-console-2.2.1/lib/web_console/templates/_prompt_box_markup.html.erb within layouts/inlined_string (6.0ms)
  Rendered c:/Ruby22-x64/lib/ruby/gems/2.2.0/gems/web-console-2.2.1/lib/web_console/templates/style.css.erb within layouts/inlined_string (0.0ms)
  Rendered c:/Ruby22-x64/lib/ruby/gems/2.2.0/gems/web-console-2.2.1/lib/web_console/templates/console.js.erb within layouts/javascript (737.7ms)
  Rendered c:/Ruby22-x64/lib/ruby/gems/2.2.0/gems/web-console-2.2.1/lib/web_console/templates/main.js.erb within layouts/javascript (30.1ms)
  Rendered c:/Ruby22-x64/lib/ruby/gems/2.2.0/gems/web-console-2.2.1/lib/web_console/templates/error_page.js.erb within layouts/javascript (0.0ms)
  Rendered c:/Ruby22-x64/lib/ruby/gems/2.2.0/gems/web-console-2.2.1/lib/web_console/templates/index.html.erb (2003.4ms)


Started GET "/" for ::1 at 2015-11-03 17:56:03 +0700
Processing by PostsController#index as HTML
  Rendered posts/index.html.erb within layouts/application (17.1ms)
Completed 200 OK in 995ms (Views: 971.7ms | ActiveRecord: 0.0ms)


Started GET "/posts/new" for ::1 at 2015-11-03 17:56:15 +0700
Processing by PostsController#new as HTML
  Rendered posts/new.html.erb within layouts/application (233.4ms)
Completed 200 OK in 376ms (Views: 375.0ms | ActiveRecord: 0.0ms)


Started POST "/posts" for ::1 at 2015-11-03 17:56:32 +0700
Processing by PostsController#create as HTML
  Parameters: {"utf8"=>"✓", "authenticity_token"=>"e1wbJiNA/rHYW79rO9/qZj/HMb7GsLP/UvDVVxXh9S7UATSFvdrVCXo0xC8gLaoQvytT4Ui3GwIPdrqhzBpAFQ==", "post"=>{"title"=>"ayy title", "body"=>"woops body"}, "commit"=>"Save Post"}
Redirected to http://localhost:3000/posts/563892e0c567a006b0000000
Completed 302 Found in 43ms (ActiveRecord: 0.0ms)


Started GET "/posts/563892e0c567a006b0000000" for ::1 at 2015-11-03 17:56:32 +0700

AbstractController::ActionNotFound (The action 'show' could not be found for PostsController):
  actionpack (4.2.4) lib/abstract_controller/base.rb:132:in `process'
  actionview (4.2.4) lib/action_view/rendering.rb:30:in `process'
  actionpack (4.2.4) lib/action_controller/metal.rb:196:in `dispatch'
  actionpack (4.2.4) lib/action_controller/metal/rack_delegation.rb:13:in `dispatch'
  actionpack (4.2.4) lib/action_controller/metal.rb:237:in `block in action'
  actionpack (4.2.4) lib/action_dispatch/routing/route_set.rb:76:in `call'
  actionpack (4.2.4) lib/action_dispatch/routing/route_set.rb:76:in `dispatch'
  actionpack (4.2.4) lib/action_dispatch/routing/route_set.rb:45:in `serve'
  actionpack (4.2.4) lib/action_dispatch/journey/router.rb:43:in `block in serve'
  actionpack (4.2.4) lib/action_dispatch/journey/router.rb:30:in `each'
  actionpack (4.2.4) lib/action_dispatch/journey/router.rb:30:in `serve'
  actionpack (4.2.4) lib/action_dispatch/routing/route_set.rb:821:in `call'
  rack (1.6.4) lib/rack/etag.rb:24:in `call'
  rack (1.6.4) lib/rack/conditionalget.rb:25:in `call'
  rack (1.6.4) lib/rack/head.rb:13:in `call'
  actionpack (4.2.4) lib/action_dispatch/middleware/params_parser.rb:27:in `call'
  actionpack (4.2.4) lib/action_dispatch/middleware/flash.rb:260:in `call'
  rack (1.6.4) lib/rack/session/abstract/id.rb:225:in `context'
  rack (1.6.4) lib/rack/session/abstract/id.rb:220:in `call'
  actionpack (4.2.4) lib/action_dispatch/middleware/cookies.rb:560:in `call'
  activerecord (4.2.4) lib/active_record/query_cache.rb:36:in `call'
  activerecord (4.2.4) lib/active_record/connection_adapters/abstract/connection_pool.rb:653:in `call'
  activerecord (4.2.4) lib/active_record/migration.rb:377:in `call'
  actionpack (4.2.4) lib/action_dispatch/middleware/callbacks.rb:29:in `block in call'
  activesupport (4.2.4) lib/active_support/callbacks.rb:88:in `__run_callbacks__'
  activesupport (4.2.4) lib/active_support/callbacks.rb:778:in `_run_call_callbacks'
  activesupport (4.2.4) lib/active_support/callbacks.rb:81:in `run_callbacks'
  actionpack (4.2.4) lib/action_dispatch/middleware/callbacks.rb:27:in `call'
  actionpack (4.2.4) lib/action_dispatch/middleware/reloader.rb:73:in `call'
  actionpack (4.2.4) lib/action_dispatch/middleware/remote_ip.rb:78:in `call'
  actionpack (4.2.4) lib/action_dispatch/middleware/debug_exceptions.rb:17:in `call'
  web-console (2.2.1) lib/web_console/middleware.rb:39:in `call'
  actionpack (4.2.4) lib/action_dispatch/middleware/show_exceptions.rb:30:in `call'
  railties (4.2.4) lib/rails/rack/logger.rb:38:in `call_app'
  railties (4.2.4) lib/rails/rack/logger.rb:20:in `block in call'
  activesupport (4.2.4) lib/active_support/tagged_logging.rb:68:in `block in tagged'
  activesupport (4.2.4) lib/active_support/tagged_logging.rb:26:in `tagged'
  activesupport (4.2.4) lib/active_support/tagged_logging.rb:68:in `tagged'
  railties (4.2.4) lib/rails/rack/logger.rb:20:in `call'
  actionpack (4.2.4) lib/action_dispatch/middleware/request_id.rb:21:in `call'
  rack (1.6.4) lib/rack/methodoverride.rb:22:in `call'
  rack (1.6.4) lib/rack/runtime.rb:18:in `call'
  activesupport (4.2.4) lib/active_support/cache/strategy/local_cache_middleware.rb:28:in `call'
  rack (1.6.4) lib/rack/lock.rb:17:in `call'
  actionpack (4.2.4) lib/action_dispatch/middleware/static.rb:116:in `call'
  rack (1.6.4) lib/rack/sendfile.rb:113:in `call'
  railties (4.2.4) lib/rails/engine.rb:518:in `call'
  railties (4.2.4) lib/rails/application.rb:165:in `call'
  rack (1.6.4) lib/rack/lock.rb:17:in `call'
  rack (1.6.4) lib/rack/content_length.rb:15:in `call'
  rack (1.6.4) lib/rack/handler/webrick.rb:88:in `service'
  c:/Ruby22-x64/lib/ruby/2.2.0/webrick/httpserver.rb:138:in `service'
  c:/Ruby22-x64/lib/ruby/2.2.0/webrick/httpserver.rb:94:in `run'
  c:/Ruby22-x64/lib/ruby/2.2.0/webrick/server.rb:294:in `block in start_thread'


  Rendered c:/Ruby22-x64/lib/ruby/gems/2.2.0/gems/actionpack-4.2.4/lib/action_dispatch/middleware/templates/rescues/unknown_action.html.erb within rescues/layout (0.0ms)
  Rendered c:/Ruby22-x64/lib/ruby/gems/2.2.0/gems/web-console-2.2.1/lib/web_console/templates/_markup.html.erb (1.0ms)
  Rendered c:/Ruby22-x64/lib/ruby/gems/2.2.0/gems/web-console-2.2.1/lib/web_console/templates/_inner_console_markup.html.erb within layouts/inlined_string (0.0ms)
  Rendered c:/Ruby22-x64/lib/ruby/gems/2.2.0/gems/web-console-2.2.1/lib/web_console/templates/_prompt_box_markup.html.erb within layouts/inlined_string (0.0ms)
  Rendered c:/Ruby22-x64/lib/ruby/gems/2.2.0/gems/web-console-2.2.1/lib/web_console/templates/style.css.erb within layouts/inlined_string (0.0ms)
  Rendered c:/Ruby22-x64/lib/ruby/gems/2.2.0/gems/web-console-2.2.1/lib/web_console/templates/console.js.erb within layouts/javascript (429.3ms)
  Rendered c:/Ruby22-x64/lib/ruby/gems/2.2.0/gems/web-console-2.2.1/lib/web_console/templates/main.js.erb within layouts/javascript (0.0ms)
  Rendered c:/Ruby22-x64/lib/ruby/gems/2.2.0/gems/web-console-2.2.1/lib/web_console/templates/error_page.js.erb within layouts/javascript (0.0ms)
  Rendered c:/Ruby22-x64/lib/ruby/gems/2.2.0/gems/web-console-2.2.1/lib/web_console/templates/index.html.erb (1017.7ms)


Started GET "/posts/563892e0c567a006b0000000" for ::1 at 2015-11-03 18:01:45 +0700
Processing by PostsController#show as HTML
  Parameters: {"id"=>"563892e0c567a006b0000000"}
  Rendered posts/show.html.erb within layouts/application (12.0ms)
Completed 500 Internal Server Error in 41ms (ActiveRecord: 0.0ms)

ActionView::Template::Error (undefined method `title' for nil:NilClass):
    1: <h1> <%= @post.title %></h1>
    2: <p> <%= @post.body%> </p>
  app/views/posts/show.html.erb:1:in `_app_views_posts_show_html_erb__1652440400_103298120'


  Rendered c:/Ruby22-x64/lib/ruby/gems/2.2.0/gems/actionpack-4.2.4/lib/action_dispatch/middleware/templates/rescues/_source.erb (1.0ms)
  Rendered c:/Ruby22-x64/lib/ruby/gems/2.2.0/gems/actionpack-4.2.4/lib/action_dispatch/middleware/templates/rescues/_trace.html.erb (4.0ms)
  Rendered c:/Ruby22-x64/lib/ruby/gems/2.2.0/gems/actionpack-4.2.4/lib/action_dispatch/middleware/templates/rescues/_request_and_response.html.erb (1.0ms)
  Rendered c:/Ruby22-x64/lib/ruby/gems/2.2.0/gems/actionpack-4.2.4/lib/action_dispatch/middleware/templates/rescues/template_error.html.erb within rescues/layout (524.4ms)
  Rendered c:/Ruby22-x64/lib/ruby/gems/2.2.0/gems/web-console-2.2.1/lib/web_console/templates/_markup.html.erb (1.0ms)
  Rendered c:/Ruby22-x64/lib/ruby/gems/2.2.0/gems/web-console-2.2.1/lib/web_console/templates/_inner_console_markup.html.erb within layouts/inlined_string (1.0ms)
  Rendered c:/Ruby22-x64/lib/ruby/gems/2.2.0/gems/web-console-2.2.1/lib/web_console/templates/_prompt_box_markup.html.erb within layouts/inlined_string (0.0ms)
  Rendered c:/Ruby22-x64/lib/ruby/gems/2.2.0/gems/web-console-2.2.1/lib/web_console/templates/style.css.erb within layouts/inlined_string (0.0ms)
  Rendered c:/Ruby22-x64/lib/ruby/gems/2.2.0/gems/web-console-2.2.1/lib/web_console/templates/console.js.erb within layouts/javascript (423.3ms)
  Rendered c:/Ruby22-x64/lib/ruby/gems/2.2.0/gems/web-console-2.2.1/lib/web_console/templates/main.js.erb within layouts/javascript (0.0ms)
  Rendered c:/Ruby22-x64/lib/ruby/gems/2.2.0/gems/web-console-2.2.1/lib/web_console/templates/error_page.js.erb within layouts/javascript (1.0ms)
  Rendered c:/Ruby22-x64/lib/ruby/gems/2.2.0/gems/web-console-2.2.1/lib/web_console/templates/index.html.erb (967.6ms)


Started GET "/posts/563892e0c567a006b0000000" for ::1 at 2015-11-03 18:03:52 +0700
Processing by PostsController#show as HTML
  Parameters: {"id"=>"563892e0c567a006b0000000"}
  Rendered posts/show.html.erb within layouts/application (11.0ms)
Completed 500 Internal Server Error in 41ms (ActiveRecord: 0.0ms)

ActionView::Template::Error (undefined method `title' for nil:NilClass):
    1: <h1> <%= @post.title %></h1>
    2: <p> <%= @post.body%> </p>
  app/views/posts/show.html.erb:1:in `_app_views_posts_show_html_erb__1652440400_103298120'


  Rendered c:/Ruby22-x64/lib/ruby/gems/2.2.0/gems/actionpack-4.2.4/lib/action_dispatch/middleware/templates/rescues/_source.erb (1.0ms)
  Rendered c:/Ruby22-x64/lib/ruby/gems/2.2.0/gems/actionpack-4.2.4/lib/action_dispatch/middleware/templates/rescues/_trace.html.erb (4.0ms)
  Rendered c:/Ruby22-x64/lib/ruby/gems/2.2.0/gems/actionpack-4.2.4/lib/action_dispatch/middleware/templates/rescues/_request_and_response.html.erb (1.0ms)
  Rendered c:/Ruby22-x64/lib/ruby/gems/2.2.0/gems/actionpack-4.2.4/lib/action_dispatch/middleware/templates/rescues/template_error.html.erb within rescues/layout (462.3ms)
  Rendered c:/Ruby22-x64/lib/ruby/gems/2.2.0/gems/web-console-2.2.1/lib/web_console/templates/_markup.html.erb (1.0ms)
  Rendered c:/Ruby22-x64/lib/ruby/gems/2.2.0/gems/web-console-2.2.1/lib/web_console/templates/_inner_console_markup.html.erb within layouts/inlined_string (1.0ms)
  Rendered c:/Ruby22-x64/lib/ruby/gems/2.2.0/gems/web-console-2.2.1/lib/web_console/templates/_prompt_box_markup.html.erb within layouts/inlined_string (1.0ms)
  Rendered c:/Ruby22-x64/lib/ruby/gems/2.2.0/gems/web-console-2.2.1/lib/web_console/templates/style.css.erb within layouts/inlined_string (0.0ms)
  Rendered c:/Ruby22-x64/lib/ruby/gems/2.2.0/gems/web-console-2.2.1/lib/web_console/templates/console.js.erb within layouts/javascript (425.3ms)
  Rendered c:/Ruby22-x64/lib/ruby/gems/2.2.0/gems/web-console-2.2.1/lib/web_console/templates/main.js.erb within layouts/javascript (0.0ms)
  Rendered c:/Ruby22-x64/lib/ruby/gems/2.2.0/gems/web-console-2.2.1/lib/web_console/templates/error_page.js.erb within layouts/javascript (0.0ms)
  Rendered c:/Ruby22-x64/lib/ruby/gems/2.2.0/gems/web-console-2.2.1/lib/web_console/templates/index.html.erb (972.7ms)


Started GET "/" for ::1 at 2015-11-03 18:07:06 +0700
Processing by ArticlesController#index as HTML
  Rendered articles/index.html.erb within layouts/application (5.0ms)
Completed 200 OK in 129ms (Views: 120.5ms | ActiveRecord: 0.0ms)


Started GET "/articles/new" for ::1 at 2015-11-03 18:07:09 +0700
Processing by ArticlesController#new as HTML
  Rendered articles/_form.html.erb (2.0ms)
  Rendered articles/new.html.erb within layouts/application (23.0ms)
Completed 200 OK in 127ms (Views: 126.3ms | ActiveRecord: 0.0ms)


Started POST "/articles" for ::1 at 2015-11-03 18:07:25 +0700
Processing by ArticlesController#create as HTML
  Parameters: {"utf8"=>"✓", "authenticity_token"=>"52cGhTcAn2IehOSce0Et2Is0LJszwDGL1cJ5XT0NeC9IOikmqZq02rzrn9hgs22uC9hOxL3HmXaIRBar5PbNFA==", "article"=>{"name"=>"mantra", "content"=>"destiny\r\n"}, "commit"=>"Create Article"}
Redirected to http://localhost:3000/articles/5638956dc567a006b0000001
Completed 302 Found in 3ms (ActiveRecord: 0.0ms)


Started GET "/articles/5638956dc567a006b0000001" for ::1 at 2015-11-03 18:07:25 +0700
Processing by ArticlesController#show as HTML
  Parameters: {"id"=>"5638956dc567a006b0000001"}
  Rendered articles/show.html.erb within layouts/application (1.0ms)
Completed 200 OK in 130ms (Views: 102.3ms | ActiveRecord: 0.0ms)


Started GET "/articles" for ::1 at 2015-11-03 18:07:28 +0700
Processing by ArticlesController#index as HTML
  Rendered articles/index.html.erb within layouts/application (4.0ms)
Completed 200 OK in 110ms (Views: 109.1ms | ActiveRecord: 0.0ms)


Started GET "/articles/5638956dc567a006b0000001/edit" for ::1 at 2015-11-03 18:07:34 +0700
Processing by ArticlesController#edit as HTML
  Parameters: {"id"=>"5638956dc567a006b0000001"}
  Rendered articles/_form.html.erb (2.0ms)
  Rendered articles/edit.html.erb within layouts/application (16.0ms)
Completed 200 OK in 124ms (Views: 121.9ms | ActiveRecord: 0.0ms)


Started PATCH "/articles/5638956dc567a006b0000001" for ::1 at 2015-11-03 18:07:37 +0700
Processing by ArticlesController#update as HTML
  Parameters: {"utf8"=>"✓", "authenticity_token"=>"TCrorOdg6/uQ5evIiY9ry6SncLgdwXZZGGEOfJ2+4j3jd8cPefrAQzKKkIySfSu9JEsS55PG3qRF52GKREVXBg==", "article"=>{"name"=>"mantra", "content"=>"destiny\r\n"}, "commit"=>"Update Article", "id"=>"5638956dc567a006b0000001"}
Redirected to http://localhost:3000/articles/5638956dc567a006b0000001
Completed 302 Found in 4ms (ActiveRecord: 0.0ms)


Started GET "/articles/5638956dc567a006b0000001" for ::1 at 2015-11-03 18:07:37 +0700
Processing by ArticlesController#show as HTML
  Parameters: {"id"=>"5638956dc567a006b0000001"}
  Rendered articles/show.html.erb within layouts/application (0.0ms)
Completed 200 OK in 100ms (Views: 98.2ms | ActiveRecord: 0.0ms)


Started GET "/articles" for ::1 at 2015-11-03 18:07:39 +0700
Processing by ArticlesController#index as HTML
  Rendered articles/index.html.erb within layouts/application (2.0ms)
Completed 200 OK in 108ms (Views: 107.5ms | ActiveRecord: 0.0ms)


Started GET "/articles" for ::1 at 2015-11-03 18:18:07 +0700
Processing by ArticlesController#index as HTML
  Rendered articles/index.html.erb within layouts/application (3.0ms)
Completed 200 OK in 368ms (Views: 367.3ms | ActiveRecord: 0.0ms)


Started GET "/assets/scaffolds.self-57cf772a581e75f8007de37c1e1b2cee644c62ad03d50f24dd68d7d90f6d068a.css?body=1" for ::1 at 2015-11-03 18:18:07 +0700


Started GET "/assets/application.self-2c4bbd1c3ad3af566e4c0cdd43fd20d560b67d7855a636e03d2a7db0dc919631.css?body=1" for ::1 at 2015-11-03 18:18:07 +0700


Started GET "/assets/posts.self-e3b0c44298fc1c149afbf4c8996fb92427ae41e4649b934ca495991b7852b855.css?body=1" for ::1 at 2015-11-03 18:18:07 +0700


Started GET "/assets/articles.self-4b76ccd73f761f61e35e3d093e4778180868bd47c7456807c0190d8486157ee9.css?body=1" for ::1 at 2015-11-03 18:18:07 +0700


Started GET "/assets/jquery.self-a714331225dda820228db323939889f149aec0127aeb06255646b616ba1ca419.js?body=1" for ::1 at 2015-11-03 18:18:07 +0700


Started GET "/assets/jquery_ujs.self-d456baa54c1fa6be2ec3711f0a72ddf7a5b2f34a6b4f515f33767d6207b7d4b3.js?body=1" for ::1 at 2015-11-03 18:18:07 +0700


Started GET "/assets/turbolinks.self-c37727e9bd6b2735da5c311aa83fead54ed0be6cc8bd9a65309e9c5abe2cbfff.js?body=1" for ::1 at 2015-11-03 18:18:07 +0700


Started GET "/assets/articles.self-877aef30ae1b040ab8a3aba4e3e309a11d7f2612f44dde450b5c157aa5f95c05.js?body=1" for ::1 at 2015-11-03 18:18:07 +0700


Started GET "/assets/posts.self-877aef30ae1b040ab8a3aba4e3e309a11d7f2612f44dde450b5c157aa5f95c05.js?body=1" for ::1 at 2015-11-03 18:18:07 +0700


Started GET "/assets/application.self-3b8dabdc891efe46b9a144b400ad69e37d7e5876bdc39dee783419a69d7ca819.js?body=1" for ::1 at 2015-11-03 18:18:07 +0700


Started GET "/articles" for ::1 at 2015-11-03 18:19:44 +0700
Processing by ArticlesController#index as HTML
  Rendered articles/index.html.erb within layouts/application (3.0ms)
Completed 200 OK in 111ms (Views: 111.0ms | ActiveRecord: 0.0ms)


Started GET "/assets/posts.self-e3b0c44298fc1c149afbf4c8996fb92427ae41e4649b934ca495991b7852b855.css?body=1" for ::1 at 2015-11-03 18:19:44 +0700


Started GET "/assets/scaffolds.self-57cf772a581e75f8007de37c1e1b2cee644c62ad03d50f24dd68d7d90f6d068a.css?body=1" for ::1 at 2015-11-03 18:19:44 +0700


Started GET "/assets/articles.self-4b76ccd73f761f61e35e3d093e4778180868bd47c7456807c0190d8486157ee9.css?body=1" for ::1 at 2015-11-03 18:19:44 +0700


Started GET "/assets/application.self-2c4bbd1c3ad3af566e4c0cdd43fd20d560b67d7855a636e03d2a7db0dc919631.css?body=1" for ::1 at 2015-11-03 18:19:44 +0700


Started GET "/assets/jquery.self-a714331225dda820228db323939889f149aec0127aeb06255646b616ba1ca419.js?body=1" for ::1 at 2015-11-03 18:19:44 +0700


Started GET "/assets/jquery_ujs.self-d456baa54c1fa6be2ec3711f0a72ddf7a5b2f34a6b4f515f33767d6207b7d4b3.js?body=1" for ::1 at 2015-11-03 18:19:44 +0700


Started GET "/assets/application.css" for ::1 at 2015-11-03 18:19:44 +0700


Started GET "/assets/turbolinks.self-c37727e9bd6b2735da5c311aa83fead54ed0be6cc8bd9a65309e9c5abe2cbfff.js?body=1" for ::1 at 2015-11-03 18:19:44 +0700


Started GET "/assets/articles.self-877aef30ae1b040ab8a3aba4e3e309a11d7f2612f44dde450b5c157aa5f95c05.js?body=1" for ::1 at 2015-11-03 18:19:44 +0700


Started GET "/assets/posts.self-877aef30ae1b040ab8a3aba4e3e309a11d7f2612f44dde450b5c157aa5f95c05.js?body=1" for ::1 at 2015-11-03 18:19:44 +0700


Started GET "/assets/application.self-3b8dabdc891efe46b9a144b400ad69e37d7e5876bdc39dee783419a69d7ca819.js?body=1" for ::1 at 2015-11-03 18:19:44 +0700


Started GET "/articles" for ::1 at 2015-11-03 18:19:45 +0700
Processing by ArticlesController#index as HTML
  Rendered articles/index.html.erb within layouts/application (2.0ms)
Completed 200 OK in 102ms (Views: 101.4ms | ActiveRecord: 0.0ms)


Started GET "/assets/jquery.self-a714331225dda820228db323939889f149aec0127aeb06255646b616ba1ca419.js?body=1" for ::1 at 2015-11-03 18:19:46 +0700


Started GET "/assets/posts.self-e3b0c44298fc1c149afbf4c8996fb92427ae41e4649b934ca495991b7852b855.css?body=1" for ::1 at 2015-11-03 18:19:46 +0700


Started GET "/assets/scaffolds.self-57cf772a581e75f8007de37c1e1b2cee644c62ad03d50f24dd68d7d90f6d068a.css?body=1" for ::1 at 2015-11-03 18:19:46 +0700


Started GET "/assets/jquery_ujs.self-d456baa54c1fa6be2ec3711f0a72ddf7a5b2f34a6b4f515f33767d6207b7d4b3.js?body=1" for ::1 at 2015-11-03 18:19:46 +0700


Started GET "/assets/application.self-2c4bbd1c3ad3af566e4c0cdd43fd20d560b67d7855a636e03d2a7db0dc919631.css?body=1" for ::1 at 2015-11-03 18:19:46 +0700


Started GET "/assets/articles.self-4b76ccd73f761f61e35e3d093e4778180868bd47c7456807c0190d8486157ee9.css?body=1" for ::1 at 2015-11-03 18:19:46 +0700


Started GET "/assets/application.css" for ::1 at 2015-11-03 18:19:46 +0700


Started GET "/assets/turbolinks.self-c37727e9bd6b2735da5c311aa83fead54ed0be6cc8bd9a65309e9c5abe2cbfff.js?body=1" for ::1 at 2015-11-03 18:19:46 +0700


Started GET "/assets/articles.self-877aef30ae1b040ab8a3aba4e3e309a11d7f2612f44dde450b5c157aa5f95c05.js?body=1" for ::1 at 2015-11-03 18:19:46 +0700


Started GET "/assets/posts.self-877aef30ae1b040ab8a3aba4e3e309a11d7f2612f44dde450b5c157aa5f95c05.js?body=1" for ::1 at 2015-11-03 18:19:46 +0700


Started GET "/assets/application.self-3b8dabdc891efe46b9a144b400ad69e37d7e5876bdc39dee783419a69d7ca819.js?body=1" for ::1 at 2015-11-03 18:19:46 +0700


Started GET "/articles" for ::1 at 2015-11-03 18:20:13 +0700
Processing by ArticlesController#index as HTML
  Rendered articles/index.html.erb within layouts/application (3.0ms)
Completed 200 OK in 109ms (Views: 108.2ms | ActiveRecord: 0.0ms)


Started GET "/assets/articles.self-4b76ccd73f761f61e35e3d093e4778180868bd47c7456807c0190d8486157ee9.css?body=1" for ::1 at 2015-11-03 18:20:14 +0700


Started GET "/assets/scaffolds.self-57cf772a581e75f8007de37c1e1b2cee644c62ad03d50f24dd68d7d90f6d068a.css?body=1" for ::1 at 2015-11-03 18:20:14 +0700


Started GET "/assets/posts.self-e3b0c44298fc1c149afbf4c8996fb92427ae41e4649b934ca495991b7852b855.css?body=1" for ::1 at 2015-11-03 18:20:14 +0700


Started GET "/assets/jquery.self-a714331225dda820228db323939889f149aec0127aeb06255646b616ba1ca419.js?body=1" for ::1 at 2015-11-03 18:20:14 +0700


Started GET "/assets/jquery_ujs.self-d456baa54c1fa6be2ec3711f0a72ddf7a5b2f34a6b4f515f33767d6207b7d4b3.js?body=1" for ::1 at 2015-11-03 18:20:14 +0700


Started GET "/assets/application.self-2c4bbd1c3ad3af566e4c0cdd43fd20d560b67d7855a636e03d2a7db0dc919631.css?body=1" for ::1 at 2015-11-03 18:20:14 +0700


Started GET "/assets/application.css" for ::1 at 2015-11-03 18:20:14 +0700


Started GET "/assets/turbolinks.self-c37727e9bd6b2735da5c311aa83fead54ed0be6cc8bd9a65309e9c5abe2cbfff.js?body=1" for ::1 at 2015-11-03 18:20:14 +0700


Started GET "/assets/articles.self-877aef30ae1b040ab8a3aba4e3e309a11d7f2612f44dde450b5c157aa5f95c05.js?body=1" for ::1 at 2015-11-03 18:20:14 +0700


Started GET "/assets/posts.self-877aef30ae1b040ab8a3aba4e3e309a11d7f2612f44dde450b5c157aa5f95c05.js?body=1" for ::1 at 2015-11-03 18:20:14 +0700


Started GET "/assets/application.self-3b8dabdc891efe46b9a144b400ad69e37d7e5876bdc39dee783419a69d7ca819.js?body=1" for ::1 at 2015-11-03 18:20:14 +0700


Started GET "/articles" for ::1 at 2015-11-03 18:21:34 +0700
Processing by ArticlesController#index as HTML
  Rendered articles/index.html.erb within layouts/application (4.0ms)
Completed 200 OK in 102ms (Views: 101.2ms | ActiveRecord: 0.0ms)


Started GET "/assets/posts.self-e3b0c44298fc1c149afbf4c8996fb92427ae41e4649b934ca495991b7852b855.css?body=1" for ::1 at 2015-11-03 18:21:34 +0700


Started GET "/assets/scaffolds.self-57cf772a581e75f8007de37c1e1b2cee644c62ad03d50f24dd68d7d90f6d068a.css?body=1" for ::1 at 2015-11-03 18:21:34 +0700


Started GET "/assets/application.self-2c4bbd1c3ad3af566e4c0cdd43fd20d560b67d7855a636e03d2a7db0dc919631.css?body=1" for ::1 at 2015-11-03 18:21:34 +0700


Started GET "/assets/articles.self-4b76ccd73f761f61e35e3d093e4778180868bd47c7456807c0190d8486157ee9.css?body=1" for ::1 at 2015-11-03 18:21:34 +0700


Started GET "/assets/jquery.self-a714331225dda820228db323939889f149aec0127aeb06255646b616ba1ca419.js?body=1" for ::1 at 2015-11-03 18:21:34 +0700


Started GET "/assets/jquery_ujs.self-d456baa54c1fa6be2ec3711f0a72ddf7a5b2f34a6b4f515f33767d6207b7d4b3.js?body=1" for ::1 at 2015-11-03 18:21:34 +0700


Started GET "/assets/application.css" for ::1 at 2015-11-03 18:21:34 +0700


Started GET "/assets/turbolinks.self-c37727e9bd6b2735da5c311aa83fead54ed0be6cc8bd9a65309e9c5abe2cbfff.js?body=1" for ::1 at 2015-11-03 18:21:34 +0700


Started GET "/assets/articles.self-877aef30ae1b040ab8a3aba4e3e309a11d7f2612f44dde450b5c157aa5f95c05.js?body=1" for ::1 at 2015-11-03 18:21:34 +0700


Started GET "/assets/posts.self-877aef30ae1b040ab8a3aba4e3e309a11d7f2612f44dde450b5c157aa5f95c05.js?body=1" for ::1 at 2015-11-03 18:21:34 +0700


Started GET "/assets/application.self-3b8dabdc891efe46b9a144b400ad69e37d7e5876bdc39dee783419a69d7ca819.js?body=1" for ::1 at 2015-11-03 18:21:34 +0700


Started GET "/articles" for ::1 at 2015-11-03 18:21:35 +0700
Processing by ArticlesController#index as HTML
  Rendered articles/index.html.erb within layouts/application (3.0ms)
Completed 200 OK in 99ms (Views: 98.5ms | ActiveRecord: 0.0ms)


Started GET "/assets/posts.self-e3b0c44298fc1c149afbf4c8996fb92427ae41e4649b934ca495991b7852b855.css?body=1" for ::1 at 2015-11-03 18:21:35 +0700


Started GET "/assets/jquery_ujs.self-d456baa54c1fa6be2ec3711f0a72ddf7a5b2f34a6b4f515f33767d6207b7d4b3.js?body=1" for ::1 at 2015-11-03 18:21:35 +0700


Started GET "/assets/articles.self-4b76ccd73f761f61e35e3d093e4778180868bd47c7456807c0190d8486157ee9.css?body=1" for ::1 at 2015-11-03 18:21:35 +0700


Started GET "/assets/scaffolds.self-57cf772a581e75f8007de37c1e1b2cee644c62ad03d50f24dd68d7d90f6d068a.css?body=1" for ::1 at 2015-11-03 18:21:35 +0700


Started GET "/assets/application.self-2c4bbd1c3ad3af566e4c0cdd43fd20d560b67d7855a636e03d2a7db0dc919631.css?body=1" for ::1 at 2015-11-03 18:21:35 +0700


Started GET "/assets/jquery.self-a714331225dda820228db323939889f149aec0127aeb06255646b616ba1ca419.js?body=1" for ::1 at 2015-11-03 18:21:35 +0700


Started GET "/assets/application.css" for ::1 at 2015-11-03 18:21:35 +0700


Started GET "/assets/turbolinks.self-c37727e9bd6b2735da5c311aa83fead54ed0be6cc8bd9a65309e9c5abe2cbfff.js?body=1" for ::1 at 2015-11-03 18:21:36 +0700


Started GET "/assets/articles.self-877aef30ae1b040ab8a3aba4e3e309a11d7f2612f44dde450b5c157aa5f95c05.js?body=1" for ::1 at 2015-11-03 18:21:36 +0700


Started GET "/assets/posts.self-877aef30ae1b040ab8a3aba4e3e309a11d7f2612f44dde450b5c157aa5f95c05.js?body=1" for ::1 at 2015-11-03 18:21:36 +0700


Started GET "/assets/application.self-3b8dabdc891efe46b9a144b400ad69e37d7e5876bdc39dee783419a69d7ca819.js?body=1" for ::1 at 2015-11-03 18:21:36 +0700


Started GET "/articles" for ::1 at 2015-11-03 18:21:56 +0700
Processing by ArticlesController#index as HTML
  Rendered articles/index.html.erb within layouts/application (3.0ms)
Completed 200 OK in 104ms (Views: 103.8ms | ActiveRecord: 0.0ms)


Started GET "/assets/jquery.self-a714331225dda820228db323939889f149aec0127aeb06255646b616ba1ca419.js?body=1" for ::1 at 2015-11-03 18:21:57 +0700


Started GET "/assets/posts.self-e3b0c44298fc1c149afbf4c8996fb92427ae41e4649b934ca495991b7852b855.css?body=1" for ::1 at 2015-11-03 18:21:57 +0700


Started GET "/assets/application.self-2c4bbd1c3ad3af566e4c0cdd43fd20d560b67d7855a636e03d2a7db0dc919631.css?body=1" for ::1 at 2015-11-03 18:21:57 +0700


Started GET "/assets/jquery_ujs.self-d456baa54c1fa6be2ec3711f0a72ddf7a5b2f34a6b4f515f33767d6207b7d4b3.js?body=1" for ::1 at 2015-11-03 18:21:57 +0700


Started GET "/assets/scaffolds.self-57cf772a581e75f8007de37c1e1b2cee644c62ad03d50f24dd68d7d90f6d068a.css?body=1" for ::1 at 2015-11-03 18:21:57 +0700


Started GET "/assets/articles.self-4b76ccd73f761f61e35e3d093e4778180868bd47c7456807c0190d8486157ee9.css?body=1" for ::1 at 2015-11-03 18:21:57 +0700


Started GET "/assets/articles.css" for ::1 at 2015-11-03 18:21:57 +0700


Started GET "/assets/turbolinks.self-c37727e9bd6b2735da5c311aa83fead54ed0be6cc8bd9a65309e9c5abe2cbfff.js?body=1" for ::1 at 2015-11-03 18:21:57 +0700


Started GET "/assets/articles.self-877aef30ae1b040ab8a3aba4e3e309a11d7f2612f44dde450b5c157aa5f95c05.js?body=1" for ::1 at 2015-11-03 18:21:57 +0700


Started GET "/assets/posts.self-877aef30ae1b040ab8a3aba4e3e309a11d7f2612f44dde450b5c157aa5f95c05.js?body=1" for ::1 at 2015-11-03 18:21:57 +0700


Started GET "/assets/application.self-3b8dabdc891efe46b9a144b400ad69e37d7e5876bdc39dee783419a69d7ca819.js?body=1" for ::1 at 2015-11-03 18:21:57 +0700


Started GET "/articles" for ::1 at 2015-11-03 18:23:05 +0700
Processing by ArticlesController#index as HTML
  Rendered articles/index.html.erb within layouts/application (3.0ms)
Completed 200 OK in 247ms (Views: 247.4ms | ActiveRecord: 0.0ms)


Started GET "/assets/articles.self-4b76ccd73f761f61e35e3d093e4778180868bd47c7456807c0190d8486157ee9.css?body=1" for ::1 at 2015-11-03 18:23:06 +0700


Started GET "/assets/posts.self-e3b0c44298fc1c149afbf4c8996fb92427ae41e4649b934ca495991b7852b855.css?body=1" for ::1 at 2015-11-03 18:23:06 +0700


Started GET "/assets/scaffolds.self-6565e8e353912331f8e18f3cf1a69f5d45c07f13e8ece7b82d8d5c27f2906bb7.css?body=1" for ::1 at 2015-11-03 18:23:06 +0700


Started GET "/assets/application.self-2c4bbd1c3ad3af566e4c0cdd43fd20d560b67d7855a636e03d2a7db0dc919631.css?body=1" for ::1 at 2015-11-03 18:23:06 +0700


Started GET "/assets/articles.css" for ::1 at 2015-11-03 18:23:06 +0700


Started GET "/assets/jquery.self-a714331225dda820228db323939889f149aec0127aeb06255646b616ba1ca419.js?body=1" for ::1 at 2015-11-03 18:23:06 +0700


Started GET "/assets/jquery_ujs.self-d456baa54c1fa6be2ec3711f0a72ddf7a5b2f34a6b4f515f33767d6207b7d4b3.js?body=1" for ::1 at 2015-11-03 18:23:06 +0700


Started GET "/assets/turbolinks.self-c37727e9bd6b2735da5c311aa83fead54ed0be6cc8bd9a65309e9c5abe2cbfff.js?body=1" for ::1 at 2015-11-03 18:23:06 +0700


Started GET "/assets/articles.self-877aef30ae1b040ab8a3aba4e3e309a11d7f2612f44dde450b5c157aa5f95c05.js?body=1" for ::1 at 2015-11-03 18:23:06 +0700


Started GET "/assets/posts.self-877aef30ae1b040ab8a3aba4e3e309a11d7f2612f44dde450b5c157aa5f95c05.js?body=1" for ::1 at 2015-11-03 18:23:06 +0700


Started GET "/assets/application.self-3b8dabdc891efe46b9a144b400ad69e37d7e5876bdc39dee783419a69d7ca819.js?body=1" for ::1 at 2015-11-03 18:23:06 +0700


Started GET "/articles" for ::1 at 2015-11-03 18:25:04 +0700
Processing by ArticlesController#index as HTML
  Rendered articles/index.html.erb within layouts/application (4.0ms)
Completed 200 OK in 377ms (Views: 375.1ms | ActiveRecord: 0.0ms)


Started GET "/assets/posts.self-e3b0c44298fc1c149afbf4c8996fb92427ae41e4649b934ca495991b7852b855.css?body=1" for ::1 at 2015-11-03 18:25:05 +0700


Started GET "/assets/articles.self-4b76ccd73f761f61e35e3d093e4778180868bd47c7456807c0190d8486157ee9.css?body=1" for ::1 at 2015-11-03 18:25:05 +0700


Started GET "/assets/application.self-2c4bbd1c3ad3af566e4c0cdd43fd20d560b67d7855a636e03d2a7db0dc919631.css?body=1" for ::1 at 2015-11-03 18:25:05 +0700


Started GET "/assets/jquery.self-a714331225dda820228db323939889f149aec0127aeb06255646b616ba1ca419.js?body=1" for ::1 at 2015-11-03 18:25:05 +0700


Started GET "/assets/scaffolds.self-6565e8e353912331f8e18f3cf1a69f5d45c07f13e8ece7b82d8d5c27f2906bb7.css?body=1" for ::1 at 2015-11-03 18:25:05 +0700


Started GET "/assets/jquery_ujs.self-d456baa54c1fa6be2ec3711f0a72ddf7a5b2f34a6b4f515f33767d6207b7d4b3.js?body=1" for ::1 at 2015-11-03 18:25:05 +0700


Started GET "/assets/turbolinks.self-c37727e9bd6b2735da5c311aa83fead54ed0be6cc8bd9a65309e9c5abe2cbfff.js?body=1" for ::1 at 2015-11-03 18:25:05 +0700


Started GET "/assets/bootstrap.self-c00c1ba28e4fd47fcb5959a1e1ee0d5567e41559241d84083ad05a7257888226.js?body=1" for ::1 at 2015-11-03 18:25:05 +0700


Started GET "/assets/articles.self-877aef30ae1b040ab8a3aba4e3e309a11d7f2612f44dde450b5c157aa5f95c05.js?body=1" for ::1 at 2015-11-03 18:25:05 +0700


Started GET "/assets/bootstrap.min.self-d66e555f160df017adf1ca16a36cd609a36d49c51637e365c5b8847d0065fa40.js?body=1" for ::1 at 2015-11-03 18:25:05 +0700


Started GET "/assets/articles.css" for ::1 at 2015-11-03 18:25:05 +0700


Started GET "/assets/posts.self-877aef30ae1b040ab8a3aba4e3e309a11d7f2612f44dde450b5c157aa5f95c05.js?body=1" for ::1 at 2015-11-03 18:25:05 +0700


Started GET "/assets/application.self-3b8dabdc891efe46b9a144b400ad69e37d7e5876bdc39dee783419a69d7ca819.js?body=1" for ::1 at 2015-11-03 18:25:05 +0700


Started GET "/assets/jquery.js" for ::1 at 2015-11-03 18:25:05 +0700


Started GET "/assets/bootstrap.min.js" for ::1 at 2015-11-03 18:25:05 +0700


Started GET "/articles" for ::1 at 2015-11-03 18:25:07 +0700
Processing by ArticlesController#index as HTML
  Rendered articles/index.html.erb within layouts/application (2.0ms)
Completed 200 OK in 112ms (Views: 111.4ms | ActiveRecord: 0.0ms)


Started GET "/assets/jquery.self-a714331225dda820228db323939889f149aec0127aeb06255646b616ba1ca419.js?body=1" for ::1 at 2015-11-03 18:25:07 +0700


Started GET "/assets/jquery_ujs.self-d456baa54c1fa6be2ec3711f0a72ddf7a5b2f34a6b4f515f33767d6207b7d4b3.js?body=1" for ::1 at 2015-11-03 18:25:07 +0700


Started GET "/assets/application.self-2c4bbd1c3ad3af566e4c0cdd43fd20d560b67d7855a636e03d2a7db0dc919631.css?body=1" for ::1 at 2015-11-03 18:25:07 +0700


Started GET "/assets/scaffolds.self-6565e8e353912331f8e18f3cf1a69f5d45c07f13e8ece7b82d8d5c27f2906bb7.css?body=1" for ::1 at 2015-11-03 18:25:07 +0700


Started GET "/assets/articles.self-4b76ccd73f761f61e35e3d093e4778180868bd47c7456807c0190d8486157ee9.css?body=1" for ::1 at 2015-11-03 18:25:07 +0700


Started GET "/assets/posts.self-e3b0c44298fc1c149afbf4c8996fb92427ae41e4649b934ca495991b7852b855.css?body=1" for ::1 at 2015-11-03 18:25:07 +0700


Started GET "/assets/articles.css" for ::1 at 2015-11-03 18:25:07 +0700


Started GET "/assets/turbolinks.self-c37727e9bd6b2735da5c311aa83fead54ed0be6cc8bd9a65309e9c5abe2cbfff.js?body=1" for ::1 at 2015-11-03 18:25:07 +0700


Started GET "/assets/articles.self-877aef30ae1b040ab8a3aba4e3e309a11d7f2612f44dde450b5c157aa5f95c05.js?body=1" for ::1 at 2015-11-03 18:25:07 +0700


Started GET "/assets/bootstrap.self-c00c1ba28e4fd47fcb5959a1e1ee0d5567e41559241d84083ad05a7257888226.js?body=1" for ::1 at 2015-11-03 18:25:07 +0700


Started GET "/assets/bootstrap.min.self-d66e555f160df017adf1ca16a36cd609a36d49c51637e365c5b8847d0065fa40.js?body=1" for ::1 at 2015-11-03 18:25:07 +0700


Started GET "/assets/posts.self-877aef30ae1b040ab8a3aba4e3e309a11d7f2612f44dde450b5c157aa5f95c05.js?body=1" for ::1 at 2015-11-03 18:25:07 +0700


Started GET "/assets/application.self-3b8dabdc891efe46b9a144b400ad69e37d7e5876bdc39dee783419a69d7ca819.js?body=1" for ::1 at 2015-11-03 18:25:07 +0700


Started GET "/assets/jquery.js" for ::1 at 2015-11-03 18:25:07 +0700


Started GET "/assets/bootstrap.min.js" for ::1 at 2015-11-03 18:25:07 +0700


Started GET "/articles" for ::1 at 2015-11-03 18:25:22 +0700
Processing by ArticlesController#index as HTML
  Rendered articles/index.html.erb within layouts/application (3.0ms)
Completed 200 OK in 115ms (Views: 114.0ms | ActiveRecord: 0.0ms)


Started GET "/assets/application.self-2c4bbd1c3ad3af566e4c0cdd43fd20d560b67d7855a636e03d2a7db0dc919631.css?body=1" for ::1 at 2015-11-03 18:25:22 +0700


Started GET "/assets/scaffolds.self-6565e8e353912331f8e18f3cf1a69f5d45c07f13e8ece7b82d8d5c27f2906bb7.css?body=1" for ::1 at 2015-11-03 18:25:22 +0700


Started GET "/assets/jquery.self-a714331225dda820228db323939889f149aec0127aeb06255646b616ba1ca419.js?body=1" for ::1 at 2015-11-03 18:25:22 +0700


Started GET "/assets/jquery_ujs.self-d456baa54c1fa6be2ec3711f0a72ddf7a5b2f34a6b4f515f33767d6207b7d4b3.js?body=1" for ::1 at 2015-11-03 18:25:22 +0700


Started GET "/assets/articles.self-4b76ccd73f761f61e35e3d093e4778180868bd47c7456807c0190d8486157ee9.css?body=1" for ::1 at 2015-11-03 18:25:22 +0700


Started GET "/assets/posts.self-e3b0c44298fc1c149afbf4c8996fb92427ae41e4649b934ca495991b7852b855.css?body=1" for ::1 at 2015-11-03 18:25:23 +0700


Started GET "/assets/scaffold.css" for ::1 at 2015-11-03 18:25:23 +0700

ActionController::RoutingError (No route matches [GET] "/assets/scaffold.css"):
  actionpack (4.2.4) lib/action_dispatch/middleware/debug_exceptions.rb:21:in `call'
  web-console (2.2.1) lib/web_console/middleware.rb:39:in `call'
  actionpack (4.2.4) lib/action_dispatch/middleware/show_exceptions.rb:30:in `call'
  railties (4.2.4) lib/rails/rack/logger.rb:38:in `call_app'
  railties (4.2.4) lib/rails/rack/logger.rb:20:in `block in call'
  activesupport (4.2.4) lib/active_support/tagged_logging.rb:68:in `block in tagged'
  activesupport (4.2.4) lib/active_support/tagged_logging.rb:26:in `tagged'
  activesupport (4.2.4) lib/active_support/tagged_logging.rb:68:in `tagged'
  railties (4.2.4) lib/rails/rack/logger.rb:20:in `call'
  actionpack (4.2.4) lib/action_dispatch/middleware/request_id.rb:21:in `call'
  rack (1.6.4) lib/rack/methodoverride.rb:22:in `call'
  rack (1.6.4) lib/rack/runtime.rb:18:in `call'
  activesupport (4.2.4) lib/active_support/cache/strategy/local_cache_middleware.rb:28:in `call'
  rack (1.6.4) lib/rack/lock.rb:17:in `call'
  actionpack (4.2.4) lib/action_dispatch/middleware/static.rb:116:in `call'
  rack (1.6.4) lib/rack/sendfile.rb:113:in `call'
  railties (4.2.4) lib/rails/engine.rb:518:in `call'
  railties (4.2.4) lib/rails/application.rb:165:in `call'
  rack (1.6.4) lib/rack/lock.rb:17:in `call'
  rack (1.6.4) lib/rack/content_length.rb:15:in `call'
  rack (1.6.4) lib/rack/handler/webrick.rb:88:in `service'
  c:/Ruby22-x64/lib/ruby/2.2.0/webrick/httpserver.rb:138:in `service'
  c:/Ruby22-x64/lib/ruby/2.2.0/webrick/httpserver.rb:94:in `run'
  c:/Ruby22-x64/lib/ruby/2.2.0/webrick/server.rb:294:in `block in start_thread'


  Rendered c:/Ruby22-x64/lib/ruby/gems/2.2.0/gems/actionpack-4.2.4/lib/action_dispatch/middleware/templates/rescues/_trace.html.erb (1.0ms)
  Rendered c:/Ruby22-x64/lib/ruby/gems/2.2.0/gems/actionpack-4.2.4/lib/action_dispatch/middleware/templates/routes/_route.html.erb (1.0ms)
  Rendered c:/Ruby22-x64/lib/ruby/gems/2.2.0/gems/actionpack-4.2.4/lib/action_dispatch/middleware/templates/routes/_table.html.erb (5.0ms)
  Rendered c:/Ruby22-x64/lib/ruby/gems/2.2.0/gems/actionpack-4.2.4/lib/action_dispatch/middleware/templates/rescues/_request_and_response.html.erb (1.0ms)
  Rendered c:/Ruby22-x64/lib/ruby/gems/2.2.0/gems/actionpack-4.2.4/lib/action_dispatch/middleware/templates/rescues/routing_error.html.erb within rescues/layout (660.5ms)
  Rendered c:/Ruby22-x64/lib/ruby/gems/2.2.0/gems/web-console-2.2.1/lib/web_console/templates/_markup.html.erb (0.0ms)
  Rendered c:/Ruby22-x64/lib/ruby/gems/2.2.0/gems/web-console-2.2.1/lib/web_console/templates/_inner_console_markup.html.erb within layouts/inlined_string (0.0ms)
  Rendered c:/Ruby22-x64/lib/ruby/gems/2.2.0/gems/web-console-2.2.1/lib/web_console/templates/_prompt_box_markup.html.erb within layouts/inlined_string (0.0ms)
  Rendered c:/Ruby22-x64/lib/ruby/gems/2.2.0/gems/web-console-2.2.1/lib/web_console/templates/style.css.erb within layouts/inlined_string (1.0ms)
  Rendered c:/Ruby22-x64/lib/ruby/gems/2.2.0/gems/web-console-2.2.1/lib/web_console/templates/console.js.erb within layouts/javascript (423.3ms)
  Rendered c:/Ruby22-x64/lib/ruby/gems/2.2.0/gems/web-console-2.2.1/lib/web_console/templates/main.js.erb within layouts/javascript (1.0ms)
  Rendered c:/Ruby22-x64/lib/ruby/gems/2.2.0/gems/web-console-2.2.1/lib/web_console/templates/error_page.js.erb within layouts/javascript (1.0ms)
  Rendered c:/Ruby22-x64/lib/ruby/gems/2.2.0/gems/web-console-2.2.1/lib/web_console/templates/index.html.erb (966.6ms)


Started GET "/assets/turbolinks.self-c37727e9bd6b2735da5c311aa83fead54ed0be6cc8bd9a65309e9c5abe2cbfff.js?body=1" for ::1 at 2015-11-03 18:25:24 +0700


Started GET "/assets/articles.self-877aef30ae1b040ab8a3aba4e3e309a11d7f2612f44dde450b5c157aa5f95c05.js?body=1" for ::1 at 2015-11-03 18:25:24 +0700


Started GET "/assets/bootstrap.self-c00c1ba28e4fd47fcb5959a1e1ee0d5567e41559241d84083ad05a7257888226.js?body=1" for ::1 at 2015-11-03 18:25:24 +0700


Started GET "/assets/bootstrap.min.self-d66e555f160df017adf1ca16a36cd609a36d49c51637e365c5b8847d0065fa40.js?body=1" for ::1 at 2015-11-03 18:25:25 +0700


Started GET "/assets/posts.self-877aef30ae1b040ab8a3aba4e3e309a11d7f2612f44dde450b5c157aa5f95c05.js?body=1" for ::1 at 2015-11-03 18:25:25 +0700


Started GET "/assets/application.self-3b8dabdc891efe46b9a144b400ad69e37d7e5876bdc39dee783419a69d7ca819.js?body=1" for ::1 at 2015-11-03 18:25:25 +0700


Started GET "/assets/jquery.js" for ::1 at 2015-11-03 18:25:25 +0700


Started GET "/assets/bootstrap.min.js" for ::1 at 2015-11-03 18:25:25 +0700


Started GET "/articles" for ::1 at 2015-11-03 18:26:42 +0700
Processing by ArticlesController#index as HTML
  Rendered articles/index.html.erb within layouts/application (4.0ms)
Completed 200 OK in 121ms (Views: 111.0ms | ActiveRecord: 0.0ms)


Started GET "/assets/posts.self-e3b0c44298fc1c149afbf4c8996fb92427ae41e4649b934ca495991b7852b855.css?body=1" for ::1 at 2015-11-03 18:26:42 +0700


Started GET "/assets/scaffolds.self-6565e8e353912331f8e18f3cf1a69f5d45c07f13e8ece7b82d8d5c27f2906bb7.css?body=1" for ::1 at 2015-11-03 18:26:42 +0700


Started GET "/assets/application.self-2c4bbd1c3ad3af566e4c0cdd43fd20d560b67d7855a636e03d2a7db0dc919631.css?body=1" for ::1 at 2015-11-03 18:26:42 +0700


Started GET "/assets/articles.self-4b76ccd73f761f61e35e3d093e4778180868bd47c7456807c0190d8486157ee9.css?body=1" for ::1 at 2015-11-03 18:26:43 +0700


Started GET "/assets/jquery.self-a714331225dda820228db323939889f149aec0127aeb06255646b616ba1ca419.js?body=1" for ::1 at 2015-11-03 18:26:43 +0700


Started GET "/assets/jquery_ujs.self-d456baa54c1fa6be2ec3711f0a72ddf7a5b2f34a6b4f515f33767d6207b7d4b3.js?body=1" for ::1 at 2015-11-03 18:26:43 +0700


Started GET "/assets/articles.scss" for ::1 at 2015-11-03 18:26:43 +0700


Started GET "/assets/turbolinks.self-c37727e9bd6b2735da5c311aa83fead54ed0be6cc8bd9a65309e9c5abe2cbfff.js?body=1" for ::1 at 2015-11-03 18:26:43 +0700


Started GET "/assets/articles.self-877aef30ae1b040ab8a3aba4e3e309a11d7f2612f44dde450b5c157aa5f95c05.js?body=1" for ::1 at 2015-11-03 18:26:43 +0700


Started GET "/assets/bootstrap.self-c00c1ba28e4fd47fcb5959a1e1ee0d5567e41559241d84083ad05a7257888226.js?body=1" for ::1 at 2015-11-03 18:26:43 +0700


Started GET "/assets/bootstrap.min.self-d66e555f160df017adf1ca16a36cd609a36d49c51637e365c5b8847d0065fa40.js?body=1" for ::1 at 2015-11-03 18:26:43 +0700


Started GET "/assets/posts.self-877aef30ae1b040ab8a3aba4e3e309a11d7f2612f44dde450b5c157aa5f95c05.js?body=1" for ::1 at 2015-11-03 18:26:43 +0700


Started GET "/assets/application.self-3b8dabdc891efe46b9a144b400ad69e37d7e5876bdc39dee783419a69d7ca819.js?body=1" for ::1 at 2015-11-03 18:26:43 +0700


Started GET "/assets/bootstrap.min.js" for ::1 at 2015-11-03 18:26:43 +0700


Started GET "/assets/jquery.js" for ::1 at 2015-11-03 18:26:43 +0700


Started GET "/articles" for ::1 at 2015-11-03 18:26:55 +0700
Processing by ArticlesController#index as HTML
  Rendered articles/index.html.erb within layouts/application (4.0ms)
Completed 200 OK in 114ms (Views: 113.8ms | ActiveRecord: 0.0ms)


Started GET "/assets/articles.self-4b76ccd73f761f61e35e3d093e4778180868bd47c7456807c0190d8486157ee9.css?body=1" for ::1 at 2015-11-03 18:26:55 +0700


Started GET "/assets/jquery.self-a714331225dda820228db323939889f149aec0127aeb06255646b616ba1ca419.js?body=1" for ::1 at 2015-11-03 18:26:55 +0700


Started GET "/assets/posts.self-e3b0c44298fc1c149afbf4c8996fb92427ae41e4649b934ca495991b7852b855.css?body=1" for ::1 at 2015-11-03 18:26:55 +0700


Started GET "/assets/application.self-2c4bbd1c3ad3af566e4c0cdd43fd20d560b67d7855a636e03d2a7db0dc919631.css?body=1" for ::1 at 2015-11-03 18:26:55 +0700


Started GET "/assets/scaffolds.self-6565e8e353912331f8e18f3cf1a69f5d45c07f13e8ece7b82d8d5c27f2906bb7.css?body=1" for ::1 at 2015-11-03 18:26:55 +0700


Started GET "/assets/jquery_ujs.self-d456baa54c1fa6be2ec3711f0a72ddf7a5b2f34a6b4f515f33767d6207b7d4b3.js?body=1" for ::1 at 2015-11-03 18:26:55 +0700


Started GET "/assets/application.css" for ::1 at 2015-11-03 18:26:55 +0700


Started GET "/assets/turbolinks.self-c37727e9bd6b2735da5c311aa83fead54ed0be6cc8bd9a65309e9c5abe2cbfff.js?body=1" for ::1 at 2015-11-03 18:26:55 +0700


Started GET "/assets/articles.self-877aef30ae1b040ab8a3aba4e3e309a11d7f2612f44dde450b5c157aa5f95c05.js?body=1" for ::1 at 2015-11-03 18:26:55 +0700


Started GET "/assets/bootstrap.self-c00c1ba28e4fd47fcb5959a1e1ee0d5567e41559241d84083ad05a7257888226.js?body=1" for ::1 at 2015-11-03 18:26:55 +0700


Started GET "/assets/bootstrap.min.self-d66e555f160df017adf1ca16a36cd609a36d49c51637e365c5b8847d0065fa40.js?body=1" for ::1 at 2015-11-03 18:26:55 +0700


Started GET "/assets/posts.self-877aef30ae1b040ab8a3aba4e3e309a11d7f2612f44dde450b5c157aa5f95c05.js?body=1" for ::1 at 2015-11-03 18:26:55 +0700


Started GET "/assets/application.self-3b8dabdc891efe46b9a144b400ad69e37d7e5876bdc39dee783419a69d7ca819.js?body=1" for ::1 at 2015-11-03 18:26:55 +0700


Started GET "/assets/jquery.js" for ::1 at 2015-11-03 18:26:55 +0700


Started GET "/assets/bootstrap.min.js" for ::1 at 2015-11-03 18:26:55 +0700


Started GET "/articles" for ::1 at 2015-11-03 18:28:36 +0700
Processing by ArticlesController#index as HTML
  Rendered articles/index.html.erb within layouts/application (3.0ms)
Completed 200 OK in 111ms (Views: 110.0ms | ActiveRecord: 0.0ms)


Started GET "/assets/posts.self-e3b0c44298fc1c149afbf4c8996fb92427ae41e4649b934ca495991b7852b855.css?body=1" for ::1 at 2015-11-03 18:28:37 +0700


Started GET "/assets/scaffolds.self-6565e8e353912331f8e18f3cf1a69f5d45c07f13e8ece7b82d8d5c27f2906bb7.css?body=1" for ::1 at 2015-11-03 18:28:37 +0700


Started GET "/assets/articles.self-4b76ccd73f761f61e35e3d093e4778180868bd47c7456807c0190d8486157ee9.css?body=1" for ::1 at 2015-11-03 18:28:37 +0700


Started GET "/assets/application.self-2c4bbd1c3ad3af566e4c0cdd43fd20d560b67d7855a636e03d2a7db0dc919631.css?body=1" for ::1 at 2015-11-03 18:28:37 +0700


Started GET "/assets/jquery.self-a714331225dda820228db323939889f149aec0127aeb06255646b616ba1ca419.js?body=1" for ::1 at 2015-11-03 18:28:37 +0700


Started GET "/assets/jquery_ujs.self-d456baa54c1fa6be2ec3711f0a72ddf7a5b2f34a6b4f515f33767d6207b7d4b3.js?body=1" for ::1 at 2015-11-03 18:28:37 +0700


Started GET "/assets/application.css" for ::1 at 2015-11-03 18:28:37 +0700


Started GET "/assets/turbolinks.self-c37727e9bd6b2735da5c311aa83fead54ed0be6cc8bd9a65309e9c5abe2cbfff.js?body=1" for ::1 at 2015-11-03 18:28:37 +0700


Started GET "/assets/articles.self-877aef30ae1b040ab8a3aba4e3e309a11d7f2612f44dde450b5c157aa5f95c05.js?body=1" for ::1 at 2015-11-03 18:28:37 +0700


Started GET "/assets/bootstrap.self-c00c1ba28e4fd47fcb5959a1e1ee0d5567e41559241d84083ad05a7257888226.js?body=1" for ::1 at 2015-11-03 18:28:37 +0700


Started GET "/assets/bootstrap.min.self-d66e555f160df017adf1ca16a36cd609a36d49c51637e365c5b8847d0065fa40.js?body=1" for ::1 at 2015-11-03 18:28:37 +0700


Started GET "/assets/posts.self-877aef30ae1b040ab8a3aba4e3e309a11d7f2612f44dde450b5c157aa5f95c05.js?body=1" for ::1 at 2015-11-03 18:28:37 +0700


Started GET "/assets/application.self-3b8dabdc891efe46b9a144b400ad69e37d7e5876bdc39dee783419a69d7ca819.js?body=1" for ::1 at 2015-11-03 18:28:37 +0700


Started GET "/assets/jquery.js" for ::1 at 2015-11-03 18:28:37 +0700


Started GET "/assets/bootstrap.min.js" for ::1 at 2015-11-03 18:28:37 +0700


Started GET "/articles/56371f0fc567a01c50000000" for ::1 at 2015-11-03 18:28:41 +0700
Processing by ArticlesController#show as HTML
  Parameters: {"id"=>"56371f0fc567a01c50000000"}
  Rendered articles/show.html.erb within layouts/application (1.0ms)
Completed 200 OK in 121ms (Views: 118.6ms | ActiveRecord: 0.0ms)


Started GET "/articles" for ::1 at 2015-11-03 18:29:07 +0700
Processing by ArticlesController#index as HTML
  Rendered articles/index.html.erb within layouts/application (3.0ms)
Completed 200 OK in 117ms (Views: 116.1ms | ActiveRecord: 0.0ms)


Started GET "/assets/application.css" for ::1 at 2015-11-03 18:29:07 +0700


Started GET "/assets/jquery.js" for ::1 at 2015-11-03 18:29:07 +0700


Started GET "/assets/bootstrap.min.js" for ::1 at 2015-11-03 18:29:07 +0700


Started DELETE "/articles/56371f0fc567a01c50000000" for ::1 at 2015-11-03 18:29:29 +0700
Processing by ArticlesController#destroy as HTML
  Parameters: {"authenticity_token"=>"U5YDz1pKFKp5qBr6OdFkd3yBdsD86NGdfP8oOSaJXdL8yyxsxNA/EtvHYb4iIyQB/G0Un3LveWAheUfP/3Lo6Q==", "id"=>"56371f0fc567a01c50000000"}
Redirected to http://localhost:3000/articles
Completed 302 Found in 5ms (ActiveRecord: 0.0ms)


Started GET "/articles" for ::1 at 2015-11-03 18:29:29 +0700
Processing by ArticlesController#index as HTML
  Rendered articles/index.html.erb within layouts/application (3.0ms)
Completed 200 OK in 119ms (Views: 118.2ms | ActiveRecord: 0.0ms)


Started GET "/assets/jquery.js" for ::1 at 2015-11-03 18:29:29 +0700


Started GET "/assets/bootstrap.min.js" for ::1 at 2015-11-03 18:29:29 +0700


Started GET "/assets/application.css" for ::1 at 2015-11-03 18:29:29 +0700


Started DELETE "/articles/5638956dc567a006b0000001" for ::1 at 2015-11-03 18:29:32 +0700
Processing by ArticlesController#destroy as HTML
  Parameters: {"authenticity_token"=>"CKPX//imkiELz30UV7rrmeLXCcIWSHdFlUnVcS8Pgl6n/vhcZjy5mamgBlBMSKvvYjtrnZhP37jIz7qH9vQ3ZQ==", "id"=>"5638956dc567a006b0000001"}
Redirected to http://localhost:3000/articles
Completed 302 Found in 4ms (ActiveRecord: 0.0ms)


Started GET "/articles" for ::1 at 2015-11-03 18:29:32 +0700
Processing by ArticlesController#index as HTML
  Rendered articles/index.html.erb within layouts/application (2.0ms)
Completed 200 OK in 108ms (Views: 106.9ms | ActiveRecord: 0.0ms)


Started GET "/assets/jquery.js" for ::1 at 2015-11-03 18:29:32 +0700


Started GET "/assets/bootstrap.min.js" for ::1 at 2015-11-03 18:29:32 +0700


Started GET "/assets/application.css" for ::1 at 2015-11-03 18:29:32 +0700


Started GET "/articles/new" for ::1 at 2015-11-03 18:30:12 +0700
Processing by ArticlesController#new as HTML
  Rendered articles/_form.html.erb (2.0ms)
  Rendered articles/new.html.erb within layouts/application (16.0ms)
Completed 200 OK in 127ms (Views: 126.5ms | ActiveRecord: 0.0ms)


Started POST "/articles" for ::1 at 2015-11-03 18:30:23 +0700
Processing by ArticlesController#create as HTML
  Parameters: {"utf8"=>"✓", "authenticity_token"=>"e/3I3xjLog88iApLhE6C7FsSIp3AstgMuFuR6LQxYd3UoOd8hlGJt57ncQ+fvMKa2/5Awk61cPHl3f4ebcrU5g==", "article"=>{"name"=>"great coffee", "content"=>"test coffee"}, "commit"=>"Create Article"}
Redirected to http://localhost:3000/articles/56389acfc567a006b0000002
Completed 302 Found in 4ms (ActiveRecord: 0.0ms)


Started GET "/articles/56389acfc567a006b0000002" for ::1 at 2015-11-03 18:30:23 +0700
Processing by ArticlesController#show as HTML
  Parameters: {"id"=>"56389acfc567a006b0000002"}
  Rendered articles/show.html.erb within layouts/application (0.0ms)
Completed 200 OK in 118ms (Views: 115.8ms | ActiveRecord: 0.0ms)
